This is pdfTeX, Version 3.14159265-2.6-1.40.21 (MiKTeX 20.6.29) (preloaded format=pdflatex 2020.7.8)  14 DEC 2020 16:39
entering extended mode
**c:/Users/tim-j/Desktop/git/hsrm_ap_bsc/WS2021/ET/Versuch_2/Bericht_EL1_2_Cassel_Wechler.tex
(c:/Users/tim-j/Desktop/git/hsrm_ap_bsc/WS2021/ET/Versuch_2/Bericht_EL1_2_Cassel_Wechler.tex
LaTeX2e <2020-02-02> patch level 5
L3 programming layer <2020-06-18> (c:/Users\tim-j\Desktop\git\hsrm_ap_bsc\WS2021\ET\Versuch_2\hsrmreport.cls ("C:\Users\tim-j\AppData\Local\Programs\MiKTeX 2.9\tex/latex/koma-script\scrreprt.cls"
Document Class: scrreprt 2020/04/19 v3.30 KOMA-Script document class (report)
("C:\Users\tim-j\AppData\Local\Programs\MiKTeX 2.9\tex/latex/koma-script\scrkbase.sty"
Package: scrkbase 2020/04/19 v3.30 KOMA-Script package (KOMA-Script-dependent basics and keyval usage)
 ("C:\Users\tim-j\AppData\Local\Programs\MiKTeX 2.9\tex/latex/koma-script\scrbase.sty"
Package: scrbase 2020/04/19 v3.30 KOMA-Script package (KOMA-Script-independent basics and keyval usage)
 ("C:\Users\tim-j\AppData\Local\Programs\MiKTeX 2.9\tex/latex/graphics\keyval.sty"
Package: keyval 2014/10/28 v1.15 key=value parser (DPC)
\KV@toks@=\toks15
) ("C:\Users\tim-j\AppData\Local\Programs\MiKTeX 2.9\tex/latex/koma-script\scrlfile.sty"
Package: scrlfile 2020/04/19 v3.30 KOMA-Script package (loading files)
))) ("C:\Users\tim-j\AppData\Local\Programs\MiKTeX 2.9\tex/latex/koma-script\tocbasic.sty"
Package: tocbasic 2020/04/19 v3.30 KOMA-Script package (handling toc-files)
\scr@dte@tocline@numberwidth=\skip47
\scr@dte@tocline@numbox=\box45
)
Package tocbasic Info: babel extension for `toc' omitted
(tocbasic)             because of missing \bbl@set@language on input line 137.
Class scrreprt Info: You've used standard option `openright'.
(scrreprt)           This is correct!
(scrreprt)           Internally I'm using `open=right'.
(scrreprt)           If you'd like to set the option with \KOMAoptions,
(scrreprt)           you'd have to use `open=right' there
(scrreprt)           instead of `openright', too.
Package scrreprt Info: You've used standard option `12pt'.
(scrreprt)             This is correct!
(scrreprt)             Internally I'm using `fontsize=12pt'.
(scrreprt)             If you'd like to set the option with \KOMAoptions,
(scrreprt)             you'd have to use `fontsize=12pt' there
(scrreprt)             instead of `12pt', too.
Class scrreprt Info: File `scrsize12pt.clo' used to setup font sizes on input line 2424.
 ("C:\Users\tim-j\AppData\Local\Programs\MiKTeX 2.9\tex/latex/koma-script\scrsize12pt.clo"
File: scrsize12pt.clo 2020/04/19 v3.30 KOMA-Script font size class option (12pt)
) ("C:\Users\tim-j\AppData\Local\Programs\MiKTeX 2.9\tex/latex/koma-script\typearea.sty"
Package: typearea 2020/04/19 v3.30 KOMA-Script package (type area)
\ta@bcor=\skip48
\ta@div=\count167
\ta@hblk=\skip49
\ta@vblk=\skip50
\ta@temp=\skip51
\footheight=\skip52
Package typearea Info: These are the values describing the layout:
(typearea)             DIV  = 12
(typearea)             BCOR = 0.0pt
(typearea)             \paperwidth      = 597.50793pt
(typearea)              \textwidth      = 448.13095pt
(typearea)              DIV departure   = -6%
(typearea)              \evensidemargin = 2.4185pt
(typearea)              \oddsidemargin  = 2.4185pt
(typearea)             \paperheight     = 845.04694pt
(typearea)              \textheight     = 635.5pt
(typearea)              \topmargin      = -41.72441pt
(typearea)              \headheight     = 18.125pt
(typearea)              \headsep        = 21.75pt
(typearea)              \topskip        = 12.0pt
(typearea)              \footskip       = 50.75pt
(typearea)              \baselineskip   = 14.5pt
(typearea)              on input line 1738.
)
\c@part=\count168
\c@chapter=\count169
\c@section=\count170
\c@subsection=\count171
\c@subsubsection=\count172
\c@paragraph=\count173
\c@subparagraph=\count174
\scr@dte@chapter@maxnumwidth=\skip53
Class scrreprt Info: using compatibility default `afterindent=bysign'
(scrreprt)           for `\chapter on input line 5588.
\scr@dte@section@maxnumwidth=\skip54
Class scrreprt Info: using compatibility default `runin=bysign'
(scrreprt)           for `\section on input line 5598.
Class scrreprt Info: using compatibility default `afterindent=bysign'
(scrreprt)           for `\section on input line 5598.
\scr@dte@part@maxnumwidth=\skip55
Class scrreprt Info: using compatibility default `afterindent=true'
(scrreprt)           for `\part on input line 5607.
\scr@dte@subsection@maxnumwidth=\skip56
Class scrreprt Info: using compatibility default `runin=bysign'
(scrreprt)           for `\subsection on input line 5617.
Class scrreprt Info: using compatibility default `afterindent=bysign'
(scrreprt)           for `\subsection on input line 5617.
\scr@dte@subsubsection@maxnumwidth=\skip57
Class scrreprt Info: using compatibility default `runin=bysign'
(scrreprt)           for `\subsubsection on input line 5627.
Class scrreprt Info: using compatibility default `afterindent=bysign'
(scrreprt)           for `\subsubsection on input line 5627.
\scr@dte@paragraph@maxnumwidth=\skip58
Class scrreprt Info: using compatibility default `runin=bysign'
(scrreprt)           for `\paragraph on input line 5637.
Class scrreprt Info: using compatibility default `afterindent=bysign'
(scrreprt)           for `\paragraph on input line 5637.
\scr@dte@subparagraph@maxnumwidth=\skip59
Class scrreprt Info: using compatibility default `runin=bysign'
(scrreprt)           for `\subparagraph on input line 5647.
Class scrreprt Info: using compatibility default `afterindent=bysign'
(scrreprt)           for `\subparagraph on input line 5647.
\abovecaptionskip=\skip60
\belowcaptionskip=\skip61
\c@pti@nb@sid@b@x=\box46
Package tocbasic Info: babel extension for `lof' omitted
(tocbasic)             because of missing \bbl@set@language on input line 6883.
\scr@dte@figure@maxnumwidth=\skip62
\c@figure=\count175
Package tocbasic Info: babel extension for `lot' omitted
(tocbasic)             because of missing \bbl@set@language on input line 6900.
\scr@dte@table@maxnumwidth=\skip63
\c@table=\count176
Class scrreprt Info: Redefining `\numberline' on input line 7069.
\bibindent=\dimen134
)
Document Class: hsrmreport 2020/03/29 Class file for homework assignments
("C:\Users\tim-j\AppData\Local\Programs\MiKTeX 2.9\tex/latex/xpatch\xpatch.sty" ("C:\Users\tim-j\AppData\Local\Programs\MiKTeX 2.9\tex/latex/l3kernel\expl3.sty"
Package: expl3 2020-06-18 L3 programming layer (loader) 
 ("C:\Users\tim-j\AppData\Local\Programs\MiKTeX 2.9\tex/latex/l3backend\l3backend-pdfmode.def"
File: l3backend-pdfmode.def 2020-06-29 L3 backend support: PDF mode
\l__kernel_color_stack_int=\count177
\l__pdf_internal_box=\box47
))
Package: xpatch 2020/03/25 v0.3a Extending etoolbox patching commands
 ("C:\Users\tim-j\AppData\Local\Programs\MiKTeX 2.9\tex/latex/l3packages/xparse\xparse.sty"
Package: xparse 2020-05-15 L3 Experimental document command parser
 ("C:\Users\tim-j\AppData\Local\Programs\MiKTeX 2.9\tex/latex/l3packages/xparse\xparse-generic.tex"
\l__xparse_current_arg_int=\count178
\g__xparse_grabber_int=\count179
\l__xparse_m_args_int=\count180
\l__xparse_v_nesting_int=\count181
)) ("C:\Users\tim-j\AppData\Local\Programs\MiKTeX 2.9\tex/latex/etoolbox\etoolbox.sty"
Package: etoolbox 2019/09/21 v2.5h e-TeX tools for LaTeX (JAW)
\etb@tempcnta=\count182
)) ("C:\Users\tim-j\AppData\Local\Programs\MiKTeX 2.9\tex/latex/xkeyval\xkeyval.sty"
Package: xkeyval 2014/12/03 v2.7a package option processing (HA)
 ("C:\Users\tim-j\AppData\Local\Programs\MiKTeX 2.9\tex/generic/xkeyval\xkeyval.tex" ("C:\Users\tim-j\AppData\Local\Programs\MiKTeX 2.9\tex/generic/xkeyval\xkvutils.tex"
\XKV@toks=\toks16
\XKV@tempa@toks=\toks17
)
\XKV@depth=\count183
File: xkeyval.tex 2014/12/03 v2.7a key=value parser (HA)
)) ("C:\Users\tim-j\AppData\Local\Programs\MiKTeX 2.9\tex/latex/xifthen\xifthen.sty"
Package: xifthen 2015/11/05 v1.4.0 Extended ifthen features
 ("C:\Users\tim-j\AppData\Local\Programs\MiKTeX 2.9\tex/latex/tools\calc.sty"
Package: calc 2017/05/25 v4.3 Infix arithmetic (KKT,FJ)
\calc@Acount=\count184
\calc@Bcount=\count185
\calc@Adimen=\dimen135
\calc@Bdimen=\dimen136
\calc@Askip=\skip64
\calc@Bskip=\skip65
LaTeX Info: Redefining \setlength on input line 80.
LaTeX Info: Redefining \addtolength on input line 81.
\calc@Ccount=\count186
\calc@Cskip=\skip66
) ("C:\Users\tim-j\AppData\Local\Programs\MiKTeX 2.9\tex/latex/base\ifthen.sty"
Package: ifthen 2014/09/29 v1.1c Standard LaTeX ifthen package (DPC)
) ("C:\Users\tim-j\AppData\Local\Programs\MiKTeX 2.9\tex/latex/ifmtarg\ifmtarg.sty"
Package: ifmtarg 2018/04/16 v1.2b check for an empty argument
)) ("C:\Users\tim-j\AppData\Local\Programs\MiKTeX 2.9\tex/latex/xcolor\xcolor.sty"
Package: xcolor 2016/05/11 v2.12 LaTeX color extensions (UK)
 ("C:\Users\tim-j\AppData\Local\Programs\MiKTeX 2.9\tex/latex/graphics-cfg\color.cfg"
File: color.cfg 2016/01/02 v1.6 sample color configuration
)
Package xcolor Info: Driver file: pdftex.def on input line 225.
 ("C:\Users\tim-j\AppData\Local\Programs\MiKTeX 2.9\tex/latex/graphics-def\pdftex.def"
File: pdftex.def 2018/01/08 v1.0l Graphics/color driver for pdftex
)
Package xcolor Info: Model `cmy' substituted by `cmy0' on input line 1348.
Package xcolor Info: Model `hsb' substituted by `rgb' on input line 1352.
Package xcolor Info: Model `RGB' extended on input line 1364.
Package xcolor Info: Model `HTML' substituted by `rgb' on input line 1366.
Package xcolor Info: Model `Hsb' substituted by `hsb' on input line 1367.
Package xcolor Info: Model `tHsb' substituted by `hsb' on input line 1368.
Package xcolor Info: Model `HSB' substituted by `hsb' on input line 1369.
Package xcolor Info: Model `Gray' substituted by `gray' on input line 1370.
Package xcolor Info: Model `wave' substituted by `hsb' on input line 1371.
 ("C:\Users\tim-j\AppData\Local\Programs\MiKTeX 2.9\tex/latex/graphics\dvipsnam.def"
File: dvipsnam.def 2016/06/17 v3.0m Driver-dependent file (DPC,SPQR)
)) ("C:\Users\tim-j\AppData\Local\Programs\MiKTeX 2.9\tex/latex/pgf/frontendlayer\tikz.sty" ("C:\Users\tim-j\AppData\Local\Programs\MiKTeX 2.9\tex/latex/pgf/basiclayer\pgf.sty" ("C:\Users\tim-j\AppData\Local\Programs\MiKTeX 2.9\tex/latex/pgf/utilities\pgfrcs.sty" ("C:\Users\tim-j\AppData\Local\Programs\MiKTeX 2.9\tex/generic/pgf/utilities\pgfutil-common.tex"
\pgfutil@everybye=\toks18
\pgfutil@tempdima=\dimen137
\pgfutil@tempdimb=\dimen138
 ("C:\Users\tim-j\AppData\Local\Programs\MiKTeX 2.9\tex/generic/pgf/utilities\pgfutil-common-lists.tex")) ("C:\Users\tim-j\AppData\Local\Programs\MiKTeX 2.9\tex/generic/pgf/utilities\pgfutil-latex.def"
\pgfutil@abb=\box48
 ("C:\Users\tim-j\AppData\Local\Programs\MiKTeX 2.9\tex/latex/ms\everyshi.sty"
Package: everyshi 2001/05/15 v3.00 EveryShipout Package (MS)
)) ("C:\Users\tim-j\AppData\Local\Programs\MiKTeX 2.9\tex/generic/pgf/utilities\pgfrcs.code.tex" ("C:\Users\tim-j\AppData\Local\Programs\MiKTeX 2.9\tex/generic/pgf\pgf.revision.tex")
Package: pgfrcs 2019/08/03 v3.1.4b (3.1.4b)
))
Package: pgf 2019/08/03 v3.1.4b (3.1.4b)
 ("C:\Users\tim-j\AppData\Local\Programs\MiKTeX 2.9\tex/latex/pgf/basiclayer\pgfcore.sty" ("C:\Users\tim-j\AppData\Local\Programs\MiKTeX 2.9\tex/latex/graphics\graphicx.sty"
Package: graphicx 2019/11/30 v1.2a Enhanced LaTeX Graphics (DPC,SPQR)
 ("C:\Users\tim-j\AppData\Local\Programs\MiKTeX 2.9\tex/latex/graphics\graphics.sty"
Package: graphics 2019/11/30 v1.4a Standard LaTeX Graphics (DPC,SPQR)
 ("C:\Users\tim-j\AppData\Local\Programs\MiKTeX 2.9\tex/latex/graphics\trig.sty"
Package: trig 2016/01/03 v1.10 sin cos tan (DPC)
) ("C:\Users\tim-j\AppData\Local\Programs\MiKTeX 2.9\tex/latex/graphics-cfg\graphics.cfg"
File: graphics.cfg 2016/06/04 v1.11 sample graphics configuration
)
Package graphics Info: Driver file: pdftex.def on input line 105.
)
\Gin@req@height=\dimen139
\Gin@req@width=\dimen140
) ("C:\Users\tim-j\AppData\Local\Programs\MiKTeX 2.9\tex/latex/pgf/systemlayer\pgfsys.sty" ("C:\Users\tim-j\AppData\Local\Programs\MiKTeX 2.9\tex/generic/pgf/systemlayer\pgfsys.code.tex"
Package: pgfsys 2019/08/03 v3.1.4b (3.1.4b)
 ("C:\Users\tim-j\AppData\Local\Programs\MiKTeX 2.9\tex/generic/pgf/utilities\pgfkeys.code.tex"
\pgfkeys@pathtoks=\toks19
\pgfkeys@temptoks=\toks20
 ("C:\Users\tim-j\AppData\Local\Programs\MiKTeX 2.9\tex/generic/pgf/utilities\pgfkeysfiltered.code.tex"
\pgfkeys@tmptoks=\toks21
))
\pgf@x=\dimen141
\pgf@y=\dimen142
\pgf@xa=\dimen143
\pgf@ya=\dimen144
\pgf@xb=\dimen145
\pgf@yb=\dimen146
\pgf@xc=\dimen147
\pgf@yc=\dimen148
\pgf@xd=\dimen149
\pgf@yd=\dimen150
\w@pgf@writea=\write3
\r@pgf@reada=\read2
\c@pgf@counta=\count187
\c@pgf@countb=\count188
\c@pgf@countc=\count189
\c@pgf@countd=\count190
\t@pgf@toka=\toks22
\t@pgf@tokb=\toks23
\t@pgf@tokc=\toks24
\pgf@sys@id@count=\count191
 ("C:\Users\tim-j\AppData\Local\Programs\MiKTeX 2.9\tex/generic/pgf/systemlayer\pgf.cfg"
File: pgf.cfg 2019/08/03 v3.1.4b (3.1.4b)
)
Driver file for pgf: pgfsys-pdftex.def
 ("C:\Users\tim-j\AppData\Local\Programs\MiKTeX 2.9\tex/generic/pgf/systemlayer\pgfsys-pdftex.def"
File: pgfsys-pdftex.def 2019/08/03 v3.1.4b (3.1.4b)
 ("C:\Users\tim-j\AppData\Local\Programs\MiKTeX 2.9\tex/generic/pgf/systemlayer\pgfsys-common-pdf.def"
File: pgfsys-common-pdf.def 2019/08/03 v3.1.4b (3.1.4b)
))) ("C:\Users\tim-j\AppData\Local\Programs\MiKTeX 2.9\tex/generic/pgf/systemlayer\pgfsyssoftpath.code.tex"
File: pgfsyssoftpath.code.tex 2019/08/03 v3.1.4b (3.1.4b)
\pgfsyssoftpath@smallbuffer@items=\count192
\pgfsyssoftpath@bigbuffer@items=\count193
) ("C:\Users\tim-j\AppData\Local\Programs\MiKTeX 2.9\tex/generic/pgf/systemlayer\pgfsysprotocol.code.tex"
File: pgfsysprotocol.code.tex 2019/08/03 v3.1.4b (3.1.4b)
)) ("C:\Users\tim-j\AppData\Local\Programs\MiKTeX 2.9\tex/generic/pgf/basiclayer\pgfcore.code.tex"
Package: pgfcore 2019/08/03 v3.1.4b (3.1.4b)
 ("C:\Users\tim-j\AppData\Local\Programs\MiKTeX 2.9\tex/generic/pgf/math\pgfmath.code.tex" ("C:\Users\tim-j\AppData\Local\Programs\MiKTeX 2.9\tex/generic/pgf/math\pgfmathcalc.code.tex" ("C:\Users\tim-j\AppData\Local\Programs\MiKTeX 2.9\tex/generic/pgf/math\pgfmathutil.code.tex") ("C:\Users\tim-j\AppData\Local\Programs\MiKTeX 2.9\tex/generic/pgf/math\pgfmathparser.code.tex"
\pgfmath@dimen=\dimen151
\pgfmath@count=\count194
\pgfmath@box=\box49
\pgfmath@toks=\toks25
\pgfmath@stack@operand=\toks26
\pgfmath@stack@operation=\toks27
) ("C:\Users\tim-j\AppData\Local\Programs\MiKTeX 2.9\tex/generic/pgf/math\pgfmathfunctions.code.tex" ("C:\Users\tim-j\AppData\Local\Programs\MiKTeX 2.9\tex/generic/pgf/math\pgfmathfunctions.basic.code.tex") ("C:\Users\tim-j\AppData\Local\Programs\MiKTeX 2.9\tex/generic/pgf/math\pgfmathfunctions.trigonometric.code.tex") ("C:\Users\tim-j\AppData\Local\Programs\MiKTeX 2.9\tex/generic/pgf/math\pgfmathfunctions.random.code.tex") ("C:\Users\tim-j\AppData\Local\Programs\MiKTeX 2.9\tex/generic/pgf/math\pgfmathfunctions.comparison.code.tex") ("C:\Users\tim-j\AppData\Local\Programs\MiKTeX 2.9\tex/generic/pgf/math\pgfmathfunctions.base.code.tex") ("C:\Users\tim-j\AppData\Local\Programs\MiKTeX 2.9\tex/generic/pgf/math\pgfmathfunctions.round.code.tex") ("C:\Users\tim-j\AppData\Local\Programs\MiKTeX 2.9\tex/generic/pgf/math\pgfmathfunctions.misc.code.tex") ("C:\Users\tim-j\AppData\Local\Programs\MiKTeX 2.9\tex/generic/pgf/math\pgfmathfunctions.integerarithmetics.code.tex"))) ("C:\Users\tim-j\AppData\Local\Programs\MiKTeX 2.9\tex/generic/pgf/math\pgfmathfloat.code.tex"
\c@pgfmathroundto@lastzeros=\count195
)) ("C:\Users\tim-j\AppData\Local\Programs\MiKTeX 2.9\tex/generic/pgf/math\pgfint.code.tex") ("C:\Users\tim-j\AppData\Local\Programs\MiKTeX 2.9\tex/generic/pgf/basiclayer\pgfcorepoints.code.tex"
File: pgfcorepoints.code.tex 2019/08/03 v3.1.4b (3.1.4b)
\pgf@picminx=\dimen152
\pgf@picmaxx=\dimen153
\pgf@picminy=\dimen154
\pgf@picmaxy=\dimen155
\pgf@pathminx=\dimen156
\pgf@pathmaxx=\dimen157
\pgf@pathminy=\dimen158
\pgf@pathmaxy=\dimen159
\pgf@xx=\dimen160
\pgf@xy=\dimen161
\pgf@yx=\dimen162
\pgf@yy=\dimen163
\pgf@zx=\dimen164
\pgf@zy=\dimen165
) ("C:\Users\tim-j\AppData\Local\Programs\MiKTeX 2.9\tex/generic/pgf/basiclayer\pgfcorepathconstruct.code.tex"
File: pgfcorepathconstruct.code.tex 2019/08/03 v3.1.4b (3.1.4b)
\pgf@path@lastx=\dimen166
\pgf@path@lasty=\dimen167
) ("C:\Users\tim-j\AppData\Local\Programs\MiKTeX 2.9\tex/generic/pgf/basiclayer\pgfcorepathusage.code.tex"
File: pgfcorepathusage.code.tex 2019/08/03 v3.1.4b (3.1.4b)
\pgf@shorten@end@additional=\dimen168
\pgf@shorten@start@additional=\dimen169
) ("C:\Users\tim-j\AppData\Local\Programs\MiKTeX 2.9\tex/generic/pgf/basiclayer\pgfcorescopes.code.tex"
File: pgfcorescopes.code.tex 2019/08/03 v3.1.4b (3.1.4b)
\pgfpic=\box50
\pgf@hbox=\box51
\pgf@layerbox@main=\box52
\pgf@picture@serial@count=\count196
) ("C:\Users\tim-j\AppData\Local\Programs\MiKTeX 2.9\tex/generic/pgf/basiclayer\pgfcoregraphicstate.code.tex"
File: pgfcoregraphicstate.code.tex 2019/08/03 v3.1.4b (3.1.4b)
\pgflinewidth=\dimen170
) ("C:\Users\tim-j\AppData\Local\Programs\MiKTeX 2.9\tex/generic/pgf/basiclayer\pgfcoretransformations.code.tex"
File: pgfcoretransformations.code.tex 2019/08/03 v3.1.4b (3.1.4b)
\pgf@pt@x=\dimen171
\pgf@pt@y=\dimen172
\pgf@pt@temp=\dimen173
) ("C:\Users\tim-j\AppData\Local\Programs\MiKTeX 2.9\tex/generic/pgf/basiclayer\pgfcorequick.code.tex"
File: pgfcorequick.code.tex 2019/08/03 v3.1.4b (3.1.4b)
) ("C:\Users\tim-j\AppData\Local\Programs\MiKTeX 2.9\tex/generic/pgf/basiclayer\pgfcoreobjects.code.tex"
File: pgfcoreobjects.code.tex 2019/08/03 v3.1.4b (3.1.4b)
) ("C:\Users\tim-j\AppData\Local\Programs\MiKTeX 2.9\tex/generic/pgf/basiclayer\pgfcorepathprocessing.code.tex"
File: pgfcorepathprocessing.code.tex 2019/08/03 v3.1.4b (3.1.4b)
) ("C:\Users\tim-j\AppData\Local\Programs\MiKTeX 2.9\tex/generic/pgf/basiclayer\pgfcorearrows.code.tex"
File: pgfcorearrows.code.tex 2019/08/03 v3.1.4b (3.1.4b)
\pgfarrowsep=\dimen174
) ("C:\Users\tim-j\AppData\Local\Programs\MiKTeX 2.9\tex/generic/pgf/basiclayer\pgfcoreshade.code.tex"
File: pgfcoreshade.code.tex 2019/08/03 v3.1.4b (3.1.4b)
\pgf@max=\dimen175
\pgf@sys@shading@range@num=\count197
\pgf@shadingcount=\count198
) ("C:\Users\tim-j\AppData\Local\Programs\MiKTeX 2.9\tex/generic/pgf/basiclayer\pgfcoreimage.code.tex"
File: pgfcoreimage.code.tex 2019/08/03 v3.1.4b (3.1.4b)
 ("C:\Users\tim-j\AppData\Local\Programs\MiKTeX 2.9\tex/generic/pgf/basiclayer\pgfcoreexternal.code.tex"
File: pgfcoreexternal.code.tex 2019/08/03 v3.1.4b (3.1.4b)
\pgfexternal@startupbox=\box53
)) ("C:\Users\tim-j\AppData\Local\Programs\MiKTeX 2.9\tex/generic/pgf/basiclayer\pgfcorelayers.code.tex"
File: pgfcorelayers.code.tex 2019/08/03 v3.1.4b (3.1.4b)
) ("C:\Users\tim-j\AppData\Local\Programs\MiKTeX 2.9\tex/generic/pgf/basiclayer\pgfcoretransparency.code.tex"
File: pgfcoretransparency.code.tex 2019/08/03 v3.1.4b (3.1.4b)
) ("C:\Users\tim-j\AppData\Local\Programs\MiKTeX 2.9\tex/generic/pgf/basiclayer\pgfcorepatterns.code.tex"
File: pgfcorepatterns.code.tex 2019/08/03 v3.1.4b (3.1.4b)
) ("C:\Users\tim-j\AppData\Local\Programs\MiKTeX 2.9\tex/generic/pgf/basiclayer\pgfcorerdf.code.tex"
File: pgfcorerdf.code.tex 2019/08/03 v3.1.4b (3.1.4b)
))) ("C:\Users\tim-j\AppData\Local\Programs\MiKTeX 2.9\tex/generic/pgf/modules\pgfmoduleshapes.code.tex"
File: pgfmoduleshapes.code.tex 2019/08/03 v3.1.4b (3.1.4b)
\pgfnodeparttextbox=\box54
) ("C:\Users\tim-j\AppData\Local\Programs\MiKTeX 2.9\tex/generic/pgf/modules\pgfmoduleplot.code.tex"
File: pgfmoduleplot.code.tex 2019/08/03 v3.1.4b (3.1.4b)
) ("C:\Users\tim-j\AppData\Local\Programs\MiKTeX 2.9\tex/latex/pgf/compatibility\pgfcomp-version-0-65.sty"
Package: pgfcomp-version-0-65 2019/08/03 v3.1.4b (3.1.4b)
\pgf@nodesepstart=\dimen176
\pgf@nodesepend=\dimen177
) ("C:\Users\tim-j\AppData\Local\Programs\MiKTeX 2.9\tex/latex/pgf/compatibility\pgfcomp-version-1-18.sty"
Package: pgfcomp-version-1-18 2019/08/03 v3.1.4b (3.1.4b)
)) ("C:\Users\tim-j\AppData\Local\Programs\MiKTeX 2.9\tex/latex/pgf/utilities\pgffor.sty" ("C:\Users\tim-j\AppData\Local\Programs\MiKTeX 2.9\tex/latex/pgf/utilities\pgfkeys.sty" ("C:\Users\tim-j\AppData\Local\Programs\MiKTeX 2.9\tex/generic/pgf/utilities\pgfkeys.code.tex")) ("C:\Users\tim-j\AppData\Local\Programs\MiKTeX 2.9\tex/latex/pgf/math\pgfmath.sty" ("C:\Users\tim-j\AppData\Local\Programs\MiKTeX 2.9\tex/generic/pgf/math\pgfmath.code.tex")) ("C:\Users\tim-j\AppData\Local\Programs\MiKTeX 2.9\tex/generic/pgf/utilities\pgffor.code.tex"
Package: pgffor 2019/08/03 v3.1.4b (3.1.4b)
 ("C:\Users\tim-j\AppData\Local\Programs\MiKTeX 2.9\tex/generic/pgf/math\pgfmath.code.tex")
\pgffor@iter=\dimen178
\pgffor@skip=\dimen179
\pgffor@stack=\toks28
\pgffor@toks=\toks29
)) ("C:\Users\tim-j\AppData\Local\Programs\MiKTeX 2.9\tex/generic/pgf/frontendlayer/tikz\tikz.code.tex"
Package: tikz 2019/08/03 v3.1.4b (3.1.4b)
 ("C:\Users\tim-j\AppData\Local\Programs\MiKTeX 2.9\tex/generic/pgf/libraries\pgflibraryplothandlers.code.tex"
File: pgflibraryplothandlers.code.tex 2019/08/03 v3.1.4b (3.1.4b)
\pgf@plot@mark@count=\count199
\pgfplotmarksize=\dimen180
)
\tikz@lastx=\dimen181
\tikz@lasty=\dimen182
\tikz@lastxsaved=\dimen183
\tikz@lastysaved=\dimen184
\tikz@lastmovetox=\dimen185
\tikz@lastmovetoy=\dimen186
\tikzleveldistance=\dimen187
\tikzsiblingdistance=\dimen188
\tikz@figbox=\box55
\tikz@figbox@bg=\box56
\tikz@tempbox=\box57
\tikz@tempbox@bg=\box58
\tikztreelevel=\count266
\tikznumberofchildren=\count267
\tikznumberofcurrentchild=\count268
\tikz@fig@count=\count269
 ("C:\Users\tim-j\AppData\Local\Programs\MiKTeX 2.9\tex/generic/pgf/modules\pgfmodulematrix.code.tex"
File: pgfmodulematrix.code.tex 2019/08/03 v3.1.4b (3.1.4b)
\pgfmatrixcurrentrow=\count270
\pgfmatrixcurrentcolumn=\count271
\pgf@matrix@numberofcolumns=\count272
)
\tikz@expandcount=\count273
 ("C:\Users\tim-j\AppData\Local\Programs\MiKTeX 2.9\tex/generic/pgf/frontendlayer/tikz/libraries\tikzlibrarytopaths.code.tex"
File: tikzlibrarytopaths.code.tex 2019/08/03 v3.1.4b (3.1.4b)
))) ("C:\Users\tim-j\AppData\Local\Programs\MiKTeX 2.9\tex/latex/circuitikz\circuitikz.sty"
Package: circuitikz 2020/06/21{} The CircuiTikz circuit drawing package version 1.2.0
 ("C:\Users\tim-j\AppData\Local\Programs\MiKTeX 2.9\tex/generic/pgf/frontendlayer/tikz/libraries\tikzlibrarycalc.code.tex"
File: tikzlibrarycalc.code.tex 2019/08/03 v3.1.4b (3.1.4b)
) ("C:\Users\tim-j\AppData\Local\Programs\MiKTeX 2.9\tex/generic/pgf/libraries\pgflibraryarrows.meta.code.tex"
File: pgflibraryarrows.meta.code.tex 2019/08/03 v3.1.4b (3.1.4b)
\pgfarrowinset=\dimen189
\pgfarrowlength=\dimen190
\pgfarrowwidth=\dimen191
\pgfarrowlinewidth=\dimen192
) ("C:\Users\tim-j\AppData\Local\Programs\MiKTeX 2.9\tex/generic/pgf/frontendlayer/tikz/libraries\tikzlibrarybending.code.tex"
File: tikzlibrarybending.code.tex 2019/08/03 v3.1.4b (3.1.4b)
 ("C:\Users\tim-j\AppData\Local\Programs\MiKTeX 2.9\tex/generic/pgf/modules\pgfmodulebending.code.tex"
File: pgfmodulebending.code.tex 2019/08/03 v3.1.4b (3.1.4b)
 ("C:\Users\tim-j\AppData\Local\Programs\MiKTeX 2.9\tex/generic/pgf/modules\pgfmodulenonlineartransformations.code.tex"
File: pgfmodulenonlineartransformations.code.tex 2019/08/03 v3.1.4b (3.1.4b)
\pgftransformnonlinearflatness=\dimen193
) ("C:\Users\tim-j\AppData\Local\Programs\MiKTeX 2.9\tex/generic/pgf/libraries\pgflibrarycurvilinear.code.tex"
File: pgflibrarycurvilinear.code.tex 2019/08/03 v3.1.4b (3.1.4b)
\pgf@curvilinear@time@a=\dimen194
\pgf@curvilinear@length@a=\dimen195
\pgf@curvilinear@length@b=\dimen196
\pgf@curvilinear@length@c=\dimen197
\pgf@curvilinear@length@d=\dimen198
)
\pgf@arrows@the@rigidity=\dimen199
)) ("C:\Users\tim-j\AppData\Local\Programs\MiKTeX 2.9\tex/generic/pgf/frontendlayer/tikz/libraries\tikzlibraryfpu.code.tex" ("C:\Users\tim-j\AppData\Local\Programs\MiKTeX 2.9\tex/generic/pgf/libraries\pgflibraryfpu.code.tex")) ("C:\Users\tim-j\AppData\Local\Programs\MiKTeX 2.9\tex/generic/circuitikz\pgfcirc.defines.tex"
\pgf@circ@count@a=\count274
\pgf@circ@count@b=\count275
\pgf@circ@count@c=\count276
\pgf@circ@res@up=\dimen256
\pgf@circ@res@down=\dimen257
\pgf@circ@res@zero=\dimen258
\pgf@circ@res@left=\dimen259
\pgf@circ@res@right=\dimen260
\pgf@circ@res@other=\dimen261
\pgf@circ@res@step=\dimen262
\pgf@circ@res@temp=\dimen263
\pgfstartlinewidth=\dimen264
\pgf@circ@Rlen=\dimen265
\pgf@circ@scaled@Rlen=\dimen266
) ("C:\Users\tim-j\AppData\Local\Programs\MiKTeX 2.9\tex/generic/circuitikz\pgfcircutils.tex") ("C:\Users\tim-j\AppData\Local\Programs\MiKTeX 2.9\tex/generic/circuitikz\pgfcircshapes.tex") ("C:\Users\tim-j\AppData\Local\Programs\MiKTeX 2.9\tex/generic/circuitikz\pgfcircmonopoles.tex") ("C:\Users\tim-j\AppData\Local\Programs\MiKTeX 2.9\tex/generic/circuitikz\pgfcircbipoles.tex")
("C:\Users\tim-j\AppData\Local\Programs\MiKTeX 2.9\tex/generic/circuitikz\pgfcirctripoles.tex"
\pgf@circ@res@count=\count277
) ("C:\Users\tim-j\AppData\Local\Programs\MiKTeX 2.9\tex/generic/circuitikz\pgfcircquadpoles.tex") ("C:\Users\tim-j\AppData\Local\Programs\MiKTeX 2.9\tex/generic/circuitikz\pgfcircmultipoles.tex") ("C:\Users\tim-j\AppData\Local\Programs\MiKTeX 2.9\tex/generic/circuitikz\pgfcirclabel.tex") ("C:\Users\tim-j\AppData\Local\Programs\MiKTeX 2.9\tex/generic/circuitikz\pgfcircvoltage.tex"
\pgfcirc@labelshift=\dimen267
) ("C:\Users\tim-j\AppData\Local\Programs\MiKTeX 2.9\tex/generic/circuitikz\pgfcirccurrent.tex") ("C:\Users\tim-j\AppData\Local\Programs\MiKTeX 2.9\tex/generic/circuitikz\pgfcircflow.tex") ("C:\Users\tim-j\AppData\Local\Programs\MiKTeX 2.9\tex/generic/circuitikz\pgfcircpath.tex")

Package circuitikz Warning: You did not specify one of the voltage directions:
(circuitikz)                  oldvoltagedirection, nooldvoltagedirection, 
(circuitikz)                  RPvoltages or EFvoltages 
(circuitikz)                Default directions may have changed, 
(circuitikz)                please check the manual.

) ("C:\Users\tim-j\AppData\Local\Programs\MiKTeX 2.9\tex/latex/base\inputenc.sty"
Package: inputenc 2018/08/11 v1.3c Input encoding file
\inpenc@prehook=\toks30
\inpenc@posthook=\toks31
) ("C:\Users\tim-j\AppData\Local\Programs\MiKTeX 2.9\tex/latex/base\fontenc.sty"
Package: fontenc 2020/02/11 v2.0o Standard LaTeX package
) ("C:\Users\tim-j\AppData\Local\Programs\MiKTeX 2.9\tex/generic/babel\babel.sty"
Package: babel 2020/06/10 3.45 The Babel package
 ("C:\Users\tim-j\AppData\Local\Programs\MiKTeX 2.9\tex/generic/babel\babel.def"
File: babel.def 2020/06/10 3.45 Babel common definitions
\babel@savecnt=\count278
\U@D=\dimen268
\l@babelnohyphens=\language84
 ("C:\Users\tim-j\AppData\Local\Programs\MiKTeX 2.9\tex/generic/babel\txtbabel.def")
\bbl@readstream=\read3
)
\bbl@dirlevel=\count279

*************************************
* Local config file bblopts.cfg used
*
("C:\Users\tim-j\AppData\Local\Programs\MiKTeX 2.9\tex/latex/arabi\bblopts.cfg"
File: bblopts.cfg 2005/09/08 v0.1 add Arabic and Farsi to "declared" options of babel
) ("C:\Users\tim-j\AppData\Local\Programs\MiKTeX 2.9\tex/latex/babel-german\ngerman.ldf"
Language: ngerman 2018/12/08 v2.11 German support for babel (post-1996 orthography)
 ("C:\Users\tim-j\AppData\Local\Programs\MiKTeX 2.9\tex/latex/babel-german\ngermanb.ldf"
Language: ngermanb 2018/12/08 v2.11 German support for babel (post-1996 orthography)
Package babel Info: Making " an active character on input line 121.
))) ("C:\Users\tim-j\AppData\Local\Programs\MiKTeX 2.9\tex/latex/datetime\datetime.sty"
Package: datetime 2015/03/20 v2.60 Date Time Package
 ("C:\Users\tim-j\AppData\Local\Programs\MiKTeX 2.9\tex/latex/fmtcount\fmtcount.sty"
Package: fmtcount 2020/01/30 v3.07
 ("C:\Users\tim-j\AppData\Local\Programs\MiKTeX 2.9\tex/latex/fmtcount\fcprefix.sty"
Package: fcprefix 2012/09/28
 ("C:\Users\tim-j\AppData\Local\Programs\MiKTeX 2.9\tex/latex/fmtcount\fcnumparser.sty"
Package: fcnumparser 2017/06/15
\fc@digit@counter=\count280
)) ("C:\Users\tim-j\AppData\Local\Programs\MiKTeX 2.9\tex/latex/amsmath\amsgen.sty"
File: amsgen.sty 1999/11/30 v2.0 generic functions
\@emptytoks=\toks32
\ex@=\dimen269
)
\c@padzeroesN=\count281
\fc@tmpcatcode=\count282
 ("C:\Users\tim-j\AppData\Local\Programs\MiKTeX 2.9\tex/latex/fmtcount\fc-ngerman.def"
File: fc-ngerman.def 2012/06/18
 ("C:\Users\tim-j\AppData\Local\Programs\MiKTeX 2.9\tex/latex/fmtcount\fc-german.def"
File: fc-german.def 2018/06/17
 ("C:\Users\tim-j\AppData\Local\Programs\MiKTeX 2.9\tex/latex/fmtcount\fc-germanb.def"
File: fc-germanb.def 2013/08/17
)) ("C:\Users\tim-j\AppData\Local\Programs\MiKTeX 2.9\tex/latex/fmtcount\fc-ngermanb.def"
File: fc-ngermanb.def 2013/08/17
))
\@DT@modctr=\count283
\@ordinalctr=\count284
\@orgargctr=\count285
\@strctr=\count286
\@tmpstrctr=\count287
\@DT@loopN=\count288
\@DT@X=\count289
) ("C:\Users\tim-j\AppData\Local\Programs\MiKTeX 2.9\tex/latex/datetime\datetime-defaults.sty"
Package: datetime-defaults 2013/09/10
)
\@day=\count290
\@month=\count291
\@year=\count292
\c@HOUR=\count293
\c@HOURXII=\count294
\c@MINUTE=\count295
\c@TOHOUR=\count296
\c@TOMINUTE=\count297
\c@SECOND=\count298
\currenthour=\count299
\currentminute=\count300
\currentsecond=\count301
Package datetime Info: No datetime.cfg file found, using default settings on input line 308.
\@dtctr=\count302
\dayofyear=\count303
\dayofweek=\count304
LaTeX Info: Redefining \today on input line 736.
 ("C:\Users\tim-j\AppData\Local\Programs\MiKTeX 2.9\tex/latex/datetime\dt-ngerman.def"
File: dt-ngerman.def 2013/09/10
LaTeX Info: Redefining \datengerman on input line 86.
)
\dt@a=\toks33
\dt@b=\toks34
) ("C:\Users\tim-j\AppData\Local\Programs\MiKTeX 2.9\tex/latex/tools\varioref.sty"
Package: varioref 2020/01/23 v1.6c package for extended references (FMi)
\c@vrcnt=\count305
) ("C:\Users\tim-j\AppData\Local\Programs\MiKTeX 2.9\tex/latex/lm\lmodern.sty"
Package: lmodern 2009/10/30 v1.6 Latin Modern Fonts
LaTeX Font Info:    Overwriting symbol font `operators' in version `normal'
(Font)                  OT1/cmr/m/n --> OT1/lmr/m/n on input line 22.
LaTeX Font Info:    Overwriting symbol font `letters' in version `normal'
(Font)                  OML/cmm/m/it --> OML/lmm/m/it on input line 23.
LaTeX Font Info:    Overwriting symbol font `symbols' in version `normal'
(Font)                  OMS/cmsy/m/n --> OMS/lmsy/m/n on input line 24.
LaTeX Font Info:    Overwriting symbol font `largesymbols' in version `normal'
(Font)                  OMX/cmex/m/n --> OMX/lmex/m/n on input line 25.
LaTeX Font Info:    Overwriting symbol font `operators' in version `bold'
(Font)                  OT1/cmr/bx/n --> OT1/lmr/bx/n on input line 26.
LaTeX Font Info:    Overwriting symbol font `letters' in version `bold'
(Font)                  OML/cmm/b/it --> OML/lmm/b/it on input line 27.
LaTeX Font Info:    Overwriting symbol font `symbols' in version `bold'
(Font)                  OMS/cmsy/b/n --> OMS/lmsy/b/n on input line 28.
LaTeX Font Info:    Overwriting symbol font `largesymbols' in version `bold'
(Font)                  OMX/cmex/m/n --> OMX/lmex/m/n on input line 29.
LaTeX Font Info:    Overwriting math alphabet `\mathbf' in version `normal'
(Font)                  OT1/cmr/bx/n --> OT1/lmr/bx/n on input line 31.
LaTeX Font Info:    Overwriting math alphabet `\mathsf' in version `normal'
(Font)                  OT1/cmss/m/n --> OT1/lmss/m/n on input line 32.
LaTeX Font Info:    Overwriting math alphabet `\mathit' in version `normal'
(Font)                  OT1/cmr/m/it --> OT1/lmr/m/it on input line 33.
LaTeX Font Info:    Overwriting math alphabet `\mathtt' in version `normal'
(Font)                  OT1/cmtt/m/n --> OT1/lmtt/m/n on input line 34.
LaTeX Font Info:    Overwriting math alphabet `\mathbf' in version `bold'
(Font)                  OT1/cmr/bx/n --> OT1/lmr/bx/n on input line 35.
LaTeX Font Info:    Overwriting math alphabet `\mathsf' in version `bold'
(Font)                  OT1/cmss/bx/n --> OT1/lmss/bx/n on input line 36.
LaTeX Font Info:    Overwriting math alphabet `\mathit' in version `bold'
(Font)                  OT1/cmr/bx/it --> OT1/lmr/bx/it on input line 37.
LaTeX Font Info:    Overwriting math alphabet `\mathtt' in version `bold'
(Font)                  OT1/cmtt/m/n --> OT1/lmtt/m/n on input line 38.
) ("C:\Users\tim-j\AppData\Local\Programs\MiKTeX 2.9\tex/latex/koma-script\scrhack.sty"
Package: scrhack 2020/04/19 v3.30 KOMA-Script package (hacking other packages)
) ("C:\Users\tim-j\AppData\Local\Programs\MiKTeX 2.9\tex/latex/cancel\cancel.sty"
Package: cancel 2013/04/12 v2.2 Cancel math terms
) ("C:\Users\tim-j\AppData\Local\Programs\MiKTeX 2.9\tex/latex/ulem\ulem.sty"
\UL@box=\box59
\UL@hyphenbox=\box60
\UL@skip=\skip67
\UL@hook=\toks35
\UL@height=\dimen270
\UL@pe=\count306
\UL@pixel=\dimen271
\ULC@box=\box61
Package: ulem 2012/05/18
\ULdepth=\dimen272
) ("C:\Users\tim-j\AppData\Local\Programs\MiKTeX 2.9\tex/latex/eurosym\eurosym.sty"
Package: eurosym 1998/08/06 v1.1 European currency symbol ``Euro''
\@eurobox=\box62
) ("C:\Users\tim-j\AppData\Local\Programs\MiKTeX 2.9\tex/latex/blindtext\blindtext.sty"
Package: blindtext 2012/01/06 V2.0 blindtext-Package
 ("C:\Users\tim-j\AppData\Local\Programs\MiKTeX 2.9\tex/latex/tools\xspace.sty"
Package: xspace 2014/10/28 v1.13 Space after command names (DPC,MH)
)
\c@blindtext=\count307
\c@Blindtext=\count308
\c@blind@countparstart=\count309
\blind@countxx=\count310
\blindtext@numBlindtext=\count311
\blind@countyy=\count312
\c@blindlist=\count313
\c@blindlistlevel=\count314
\c@blindlist@level=\count315
\blind@listitem=\count316
\c@blind@listcount=\count317
\c@blind@levelcount=\count318
\blind@mathformula=\count319
\blind@Mathformula=\count320
\c@blind@randomcount=\count321
\c@blind@randommax=\count322
\c@blind@pangramcount=\count323
\c@blind@pangrammax=\count324
) ("C:\Users\tim-j\AppData\Local\Programs\MiKTeX 2.9\tex/latex/base\textcomp.sty"
Package: textcomp 2020/02/02 v2.0n Standard LaTeX package
) ("C:\Users\tim-j\AppData\Local\Programs\MiKTeX 2.9\tex/latex/was\gensymb.sty"
Package: gensymb 2003/07/02 v1.0 (WaS)
) ("C:\Users\tim-j\AppData\Local\Programs\MiKTeX 2.9\tex/latex/microtype\microtype.sty"
Package: microtype 2019/11/18 v2.7d Micro-typographical refinements (RS)
\MT@toks=\toks36
\MT@count=\count325
LaTeX Info: Redefining \textls on input line 790.
\MT@outer@kern=\dimen273
LaTeX Info: Redefining \textmicrotypecontext on input line 1354.
\MT@listname@count=\count326
 ("C:\Users\tim-j\AppData\Local\Programs\MiKTeX 2.9\tex/latex/microtype\microtype-pdftex.def"
File: microtype-pdftex.def 2019/11/18 v2.7d Definitions specific to pdftex (RS)
LaTeX Info: Redefining \lsstyle on input line 914.
LaTeX Info: Redefining \lslig on input line 914.
\MT@outer@space=\skip68
)
Package microtype Info: Loading configuration file microtype.cfg.
 ("C:\Users\tim-j\AppData\Local\Programs\MiKTeX 2.9\tex/latex/microtype\microtype.cfg"
File: microtype.cfg 2019/11/18 v2.7d microtype main configuration file (RS)
)) ("C:\Users\tim-j\AppData\Local\Programs\MiKTeX 2.9\tex/latex/setspace\setspace.sty"
Package: setspace 2011/12/19 v6.7a set line spacing
)
Package scrhack Info: loading setspace hack on input line 103.
 ("C:\Users\tim-j\AppData\Local\Programs\MiKTeX 2.9\tex/latex/koma-script\setspace.hak"
File: setspace.hak 2020/04/19 v3.30 KOMA-Script scrhack part (hacking package setspace)
) ("C:\Users\tim-j\AppData\Local\Programs\MiKTeX 2.9\tex/latex/siunitx\siunitx.sty"
Package: siunitx 2020/02/25 v2.8b A comprehensive (SI) units package
 ("C:\Users\tim-j\AppData\Local\Programs\MiKTeX 2.9\tex/latex/amsmath\amstext.sty"
Package: amstext 2000/06/29 v2.01 AMS text
) ("C:\Users\tim-j\AppData\Local\Programs\MiKTeX 2.9\tex/latex/tools\array.sty"
Package: array 2019/08/31 v2.4l Tabular extension package (FMi)
\col@sep=\dimen274
\ar@mcellbox=\box63
\extrarowheight=\dimen275
\NC@list=\toks37
\extratabsurround=\skip69
\backup@length=\skip70
\ar@cellbox=\box64
) ("C:\Users\tim-j\AppData\Local\Programs\MiKTeX 2.9\tex/latex/l3packages/l3keys2e\l3keys2e.sty"
Package: l3keys2e 2020-05-15 LaTeX2e option processing using LaTeX3 keys
)
\l__siunitx_tmp_box=\box65
\l__siunitx_tmp_dim=\dimen276
\l__siunitx_tmp_int=\count327
\l__siunitx_number_mantissa_length_int=\count328
\l__siunitx_number_uncert_length_int=\count329
\l__siunitx_round_int=\count330
\l__siunitx_process_decimal_int=\count331
\l__siunitx_process_uncertainty_int=\count332
\l__siunitx_process_fixed_int=\count333
\l__siunitx_process_integer_min_int=\count334
\l__siunitx_process_precision_int=\count335
\l__siunitx_group_min_int=\count336
\l__siunitx_angle_marker_box=\box66
\l__siunitx_angle_unit_box=\box67
\l__siunitx_angle_marker_dim=\dimen277
\l__siunitx_angle_unit_dim=\dimen278
\l__siunitx_unit_int=\count337
\l__siunitx_unit_denominator_int=\count338
\l__siunitx_unit_numerator_int=\count339
\l__siunitx_unit_prefix_int=\count340
\l__siunitx_unit_prefix_base_int=\count341
\l__siunitx_unit_prefix_gram_int=\count342
\l__siunitx_number_product_int=\count343
\c__siunitx_one_fill_skip=\skip71
\l__siunitx_table_unit_align_skip=\skip72
\l__siunitx_table_exponent_dim=\dimen279
\l__siunitx_table_integer_dim=\dimen280
\l__siunitx_table_mantissa_dim=\dimen281
\l__siunitx_table_marker_dim=\dimen282
\l__siunitx_table_result_dim=\dimen283
\l__siunitx_table_uncert_dim=\dimen284
\l__siunitx_table_fill_pre_dim=\dimen285
\l__siunitx_table_fill_post_dim=\dimen286
\l__siunitx_table_fill_mid_dim=\dimen287
\l__siunitx_table_pre_box=\box68
\l__siunitx_table_post_box=\box69
\l__siunitx_table_mantissa_box=\box70
\l__siunitx_table_result_box=\box71
\l__siunitx_table_number_align_skip=\skip73
\l__siunitx_table_text_align_skip=\skip74
 ("C:\Users\tim-j\AppData\Local\Programs\MiKTeX 2.9\tex/latex/translator\translator.sty"
Package: translator 2019-05-31 v1.12a Easy translation of strings in LaTeX
)) ("C:\Users\tim-j\AppData\Local\Programs\MiKTeX 2.9\tex/latex/csquotes\csquotes.sty"
Package: csquotes 2019-12-06 v5.2j context-sensitive quotations (JAW)
\csq@reset=\count344
\csq@gtype=\count345
\csq@glevel=\count346
\csq@qlevel=\count347
\csq@maxlvl=\count348
\csq@tshold=\count349
\csq@ltx@everypar=\toks38
 ("C:\Users\tim-j\AppData\Local\Programs\MiKTeX 2.9\tex/latex/csquotes\csquotes.def"
File: csquotes.def 2019-12-06 v5.2j csquotes generic definitions (JAW)
)
Package csquotes Info: Trying to load configuration file 'csquotes.cfg'...
Package csquotes Info: ... configuration file loaded successfully.
 ("C:\Users\tim-j\AppData\Local\Programs\MiKTeX 2.9\tex/latex/csquotes\csquotes.cfg"
File: csquotes.cfg 
)
Package csquotes Info: Enabling strict warnings.
Package csquotes Info: Disabling multilingual quotes.
Package csquotes Info: Redefining alias 'default' -> 'german'.
)
Package scrkbase Info: You've told me to redefine the font selection of the
(scrkbase)             element `partprefix' that is an alias of element
(scrkbase)             `partnumber' on input line 158.
 ("C:\Users\tim-j\AppData\Local\Programs\MiKTeX 2.9\tex/latex/caption\caption.sty"
Package: caption 2020/05/30 v3.4k Customizing captions (AR)
 ("C:\Users\tim-j\AppData\Local\Programs\MiKTeX 2.9\tex/latex/caption\caption3.sty"
Package: caption3 2020/05/30 v1.12 caption3 kernel (AR)
Package caption3 Info: TeX engine: e-TeX on input line 61.
\captionmargin=\dimen288
\captionmargin@=\dimen289
\captionwidth=\dimen290
\caption@tempdima=\dimen291
\caption@indent=\dimen292
\caption@parindent=\dimen293
\caption@hangindent=\dimen294
Package caption Info: KOMA-Script document class detected.
)
Package caption Info: KOMA-Script document class.
\c@caption@flags=\count350
\c@continuedfloat=\count351
) ("C:\Users\tim-j\AppData\Local\Programs\MiKTeX 2.9\tex/latex/wrapfig\wrapfig.sty"
\wrapoverhang=\dimen295
\WF@size=\dimen296
\c@WF@wrappedlines=\count352
\WF@box=\box72
\WF@everypar=\toks39
Package: wrapfig 2003/01/31  v 3.6
) ("C:\Users\tim-j\AppData\Local\Programs\MiKTeX 2.9\tex/latex/subfig\subfig.sty"
Package: subfig 2005/06/28 ver: 1.3 subfig package
\c@KVtest=\count353
\sf@farskip=\skip75
\sf@captopadj=\dimen297
\sf@capskip=\skip76
\sf@nearskip=\skip77
\c@subfigure=\count354
\c@subfigure@save=\count355
\c@lofdepth=\count356
\c@subtable=\count357
\c@subtable@save=\count358
\c@lotdepth=\count359
\sf@top=\skip78
\sf@bottom=\skip79
) ("C:\Users\tim-j\AppData\Local\Programs\MiKTeX 2.9\tex/latex/tools\tabularx.sty"
Package: tabularx 2020/01/15 v2.11c `tabularx' package (DPC)
\TX@col@width=\dimen298
\TX@old@table=\dimen299
\TX@old@col=\dimen300
\TX@target=\dimen301
\TX@delta=\dimen302
\TX@cols=\count360
\TX@ftn=\toks40
) ("C:\Users\tim-j\AppData\Local\Programs\MiKTeX 2.9\tex/latex/tabulary\tabulary.sty"
Package: tabulary 2014/06/11 v0.10 tabulary package (DPC)
\TY@count=\count361
\TY@linewidth=\dimen303
\tymin=\dimen304
\tymax=\dimen305
\TY@tablewidth=\dimen306
) ("C:\Users\tim-j\AppData\Local\Programs\MiKTeX 2.9\tex/latex/booktabs\booktabs.sty"
Package: booktabs 2020/01/12 v1.61803398 Publication quality tables
\heavyrulewidth=\dimen307
\lightrulewidth=\dimen308
\cmidrulewidth=\dimen309
\belowrulesep=\dimen310
\belowbottomsep=\dimen311
\aboverulesep=\dimen312
\abovetopsep=\dimen313
\cmidrulesep=\dimen314
\cmidrulekern=\dimen315
\defaultaddspace=\dimen316
\@cmidla=\count362
\@cmidlb=\count363
\@aboverulesep=\dimen317
\@belowrulesep=\dimen318
\@thisruleclass=\count364
\@lastruleclass=\count365
\@thisrulewidth=\dimen319
) ("C:\Users\tim-j\AppData\Local\Programs\MiKTeX 2.9\tex/latex/multirow\multirow.sty"
Package: multirow 2019/05/31 v2.5 Span multiple rows of a table
\multirow@colwidth=\skip80
\multirow@cntb=\count366
\multirow@dima=\skip81
\bigstrutjot=\dimen320
) ("C:\Users\tim-j\AppData\Local\Programs\MiKTeX 2.9\tex/latex/tools\multicol.sty"
Package: multicol 2019/12/09 v1.8y multicolumn formatting (FMi)
\c@tracingmulticols=\count367
\mult@box=\box73
\multicol@leftmargin=\dimen321
\c@unbalance=\count368
\c@collectmore=\count369
\doublecol@number=\count370
\multicoltolerance=\count371
\multicolpretolerance=\count372
\full@width=\dimen322
\page@free=\dimen323
\premulticols=\dimen324
\postmulticols=\dimen325
\multicolsep=\skip82
\multicolbaselineskip=\skip83
\partial@page=\box74
\last@line=\box75
\maxbalancingoverflow=\dimen326
\mult@rightbox=\box76
\mult@grightbox=\box77
\mult@gfirstbox=\box78
\mult@firstbox=\box79
\@tempa=\box80
\@tempa=\box81
\@tempa=\box82
\@tempa=\box83
\@tempa=\box84
\@tempa=\box85
\@tempa=\box86
\@tempa=\box87
\@tempa=\box88
\@tempa=\box89
\@tempa=\box90
\@tempa=\box91
\@tempa=\box92
\@tempa=\box93
\@tempa=\box94
\@tempa=\box95
\@tempa=\box96
\@tempa=\box97
\@tempa=\box98
\@tempa=\box99
\@tempa=\box100
\@tempa=\box101
\@tempa=\box102
\@tempa=\box103
\@tempa=\box104
\@tempa=\box105
\@tempa=\box106
\@tempa=\box107
\@tempa=\box108
\@tempa=\box109
\@tempa=\box110
\@tempa=\box111
\@tempa=\box112
\@tempa=\box113
\@tempa=\box114
\@tempa=\box115
\@tempa=\box116
\c@minrows=\count373
\c@columnbadness=\count374
\c@finalcolumnbadness=\count375
\last@try=\dimen327
\multicolovershoot=\dimen328
\multicolundershoot=\dimen329
\mult@nat@firstbox=\box117
\colbreak@box=\box118
\mc@col@check@num=\count376
) ("C:\Users\tim-j\AppData\Local\Programs\MiKTeX 2.9\tex/latex/tools\longtable.sty"
Package: longtable 2020/01/07 v4.13 Multi-page Table package (DPC)
\LTleft=\skip84
\LTright=\skip85
\LTpre=\skip86
\LTpost=\skip87
\LTchunksize=\count377
\LTcapwidth=\dimen330
\LT@head=\box119
\LT@firsthead=\box120
\LT@foot=\box121
\LT@lastfoot=\box122
\LT@cols=\count378
\LT@rows=\count379
\c@LT@tables=\count380
\c@LT@chunks=\count381
\LT@p@ftn=\toks41
)
Class scrreprt Info: longtable captions redefined on input line 261.
 ("C:\Users\tim-j\AppData\Local\Programs\MiKTeX 2.9\tex/latex/enumitem\enumitem.sty"
Package: enumitem 2019/06/20 v3.9 Customized lists
\labelindent=\skip88
\enit@outerparindent=\dimen331
\enit@toks=\toks42
\enit@inbox=\box123
\enit@count@id=\count382
\enitdp@description=\count383
) ("C:\Users\tim-j\AppData\Local\Programs\MiKTeX 2.9\tex/latex/nomentbl\nomentbl.sty"
Package: nomentbl 2006/04/14 v0.4 Nomenclature in a longtable environment
 ("C:\Users\tim-j\AppData\Local\Programs\MiKTeX 2.9\tex/latex/nomencl\nomencl.sty"
Package: nomencl 2020/03/01 v5.4 Nomenclature package
Package tocbasic Info: setting babel extension for `nlo' on input line 179.
Package tocbasic Info: setting babel extension for `nls' on input line 180.
\nomlabelwidth=\dimen332
\nom@tempdim=\dimen333
\nomitemsep=\skip89
)
Package scrhack Info: loading nomencl hack on input line 33.
 ("C:\Users\tim-j\AppData\Local\Programs\MiKTeX 2.9\tex/latex/koma-script\nomencl.hak"
File: nomencl.hak 2020/04/19 v3.30 KOMA-Script scrhack part (hacking package nomencl)
Package scrhack Info: only `tocbasic' loaded for `nomencl' on input line 79.
)) ("C:\Users\tim-j\AppData\Local\Programs\MiKTeX 2.9\tex/latex/geometry\geometry.sty"
Package: geometry 2020/01/02 v5.9 Page Geometry
 ("C:\Users\tim-j\AppData\Local\Programs\MiKTeX 2.9\tex/generic/iftex\ifvtex.sty"
Package: ifvtex 2019/10/25 v1.7 ifvtex legacy package. Use iftex instead.
 ("C:\Users\tim-j\AppData\Local\Programs\MiKTeX 2.9\tex/generic/iftex\iftex.sty"
Package: iftex 2020/03/06 v1.0d TeX engine tests
))
\Gm@cnth=\count384
\Gm@cntv=\count385
\c@Gm@tempcnt=\count386
\Gm@bindingoffset=\dimen334
\Gm@wd@mp=\dimen335
\Gm@odd@mp=\dimen336
\Gm@even@mp=\dimen337
\Gm@layoutwidth=\dimen338
\Gm@layoutheight=\dimen339
\Gm@layouthoffset=\dimen340
\Gm@layoutvoffset=\dimen341
\Gm@dimlist=\toks43
 ("C:\Users\tim-j\AppData\Local\Programs\MiKTeX 2.9\tex/latex/geometry\geometry.cfg")) ("C:\Users\tim-j\AppData\Local\Programs\MiKTeX 2.9\tex/latex/forest\forest.sty"
Package: forest 2017/07/14 v2.1.5 Drawing (linguistic) trees
 ("C:\Users\tim-j\AppData\Local\Programs\MiKTeX 2.9\tex/generic/pgf/frontendlayer/tikz/libraries\tikzlibraryshapes.code.tex"
File: tikzlibraryshapes.code.tex 2019/08/03 v3.1.4b (3.1.4b)
 ("C:\Users\tim-j\AppData\Local\Programs\MiKTeX 2.9\tex/generic/pgf/frontendlayer/tikz/libraries\tikzlibraryshapes.geometric.code.tex"
File: tikzlibraryshapes.geometric.code.tex 2019/08/03 v3.1.4b (3.1.4b)
 ("C:\Users\tim-j\AppData\Local\Programs\MiKTeX 2.9\tex/generic/pgf/libraries/shapes\pgflibraryshapes.geometric.code.tex"
File: pgflibraryshapes.geometric.code.tex 2019/08/03 v3.1.4b (3.1.4b)
)) ("C:\Users\tim-j\AppData\Local\Programs\MiKTeX 2.9\tex/generic/pgf/frontendlayer/tikz/libraries\tikzlibraryshapes.misc.code.tex"
File: tikzlibraryshapes.misc.code.tex 2019/08/03 v3.1.4b (3.1.4b)
 ("C:\Users\tim-j\AppData\Local\Programs\MiKTeX 2.9\tex/generic/pgf/libraries/shapes\pgflibraryshapes.misc.code.tex"
File: pgflibraryshapes.misc.code.tex 2019/08/03 v3.1.4b (3.1.4b)
)) ("C:\Users\tim-j\AppData\Local\Programs\MiKTeX 2.9\tex/generic/pgf/frontendlayer/tikz/libraries\tikzlibraryshapes.symbols.code.tex"
File: tikzlibraryshapes.symbols.code.tex 2019/08/03 v3.1.4b (3.1.4b)
 ("C:\Users\tim-j\AppData\Local\Programs\MiKTeX 2.9\tex/generic/pgf/libraries/shapes\pgflibraryshapes.symbols.code.tex"
File: pgflibraryshapes.symbols.code.tex 2019/08/03 v3.1.4b (3.1.4b)
)) ("C:\Users\tim-j\AppData\Local\Programs\MiKTeX 2.9\tex/generic/pgf/frontendlayer/tikz/libraries\tikzlibraryshapes.arrows.code.tex"
File: tikzlibraryshapes.arrows.code.tex 2019/08/03 v3.1.4b (3.1.4b)
 ("C:\Users\tim-j\AppData\Local\Programs\MiKTeX 2.9\tex/generic/pgf/libraries/shapes\pgflibraryshapes.arrows.code.tex"
File: pgflibraryshapes.arrows.code.tex 2019/08/03 v3.1.4b (3.1.4b)
)) ("C:\Users\tim-j\AppData\Local\Programs\MiKTeX 2.9\tex/generic/pgf/frontendlayer/tikz/libraries\tikzlibraryshapes.callouts.code.tex" ("C:\Users\tim-j\AppData\Local\Programs\MiKTeX 2.9\tex/generic/pgf/libraries/shapes\pgflibraryshapes.callouts.code.tex")) ("C:\Users\tim-j\AppData\Local\Programs\MiKTeX 2.9\tex/generic/pgf/frontendlayer/tikz/libraries\tikzlibraryshapes.multipart.code.tex"
File: tikzlibraryshapes.multipart.code.tex 2019/08/03 v3.1.4b (3.1.4b)
 ("C:\Users\tim-j\AppData\Local\Programs\MiKTeX 2.9\tex/generic/pgf/libraries/shapes\pgflibraryshapes.multipart.code.tex"
File: pgflibraryshapes.multipart.code.tex 2019/08/03 v3.1.4b (3.1.4b)
\pgfnodepartlowerbox=\box124
\pgfnodeparttwobox=\box125
\pgfnodepartthreebox=\box126
\pgfnodepartfourbox=\box127
\pgfnodeparttwentybox=\box128
\pgfnodepartnineteenbox=\box129
\pgfnodeparteighteenbox=\box130
\pgfnodepartseventeenbox=\box131
\pgfnodepartsixteenbox=\box132
\pgfnodepartfifteenbox=\box133
\pgfnodepartfourteenbox=\box134
\pgfnodepartthirteenbox=\box135
\pgfnodeparttwelvebox=\box136
\pgfnodepartelevenbox=\box137
\pgfnodeparttenbox=\box138
\pgfnodepartninebox=\box139
\pgfnodeparteightbox=\box140
\pgfnodepartsevenbox=\box141
\pgfnodepartsixbox=\box142
\pgfnodepartfivebox=\box143
))) ("C:\Users\tim-j\AppData\Local\Programs\MiKTeX 2.9\tex/generic/pgf/frontendlayer/tikz/libraries\tikzlibraryfit.code.tex"
File: tikzlibraryfit.code.tex 2019/08/03 v3.1.4b (3.1.4b)
) ("C:\Users\tim-j\AppData\Local\Programs\MiKTeX 2.9\tex/generic/pgf/libraries\pgflibraryintersections.code.tex"
\pgf@intersect@solutions=\count387
) ("C:\Users\tim-j\AppData\Local\Programs\MiKTeX 2.9\tex/latex/pgfopts\pgfopts.sty"
Package: pgfopts 2014/07/10 v2.1a LaTeX package options with pgfkeys
\pgfopts@list@add@a@toks=\toks44
\pgfopts@list@add@b@toks=\toks45
) ("C:\Users\tim-j\AppData\Local\Programs\MiKTeX 2.9\tex/latex/elocalloc\elocalloc.sty"
Package: elocalloc 2016/12/15 v0.03 local allocation for LaTeX 2015+ (DPC)
) ("C:\Users\tim-j\AppData\Local\Programs\MiKTeX 2.9\tex/latex/environ\environ.sty"
Package: environ 2014/05/04 v0.3 A new way to define environments
 ("C:\Users\tim-j\AppData\Local\Programs\MiKTeX 2.9\tex/latex/trimspaces\trimspaces.sty"
Package: trimspaces 2009/09/17 v1.1 Trim spaces around a token list
)
\@envbody=\toks46
) ("C:\Users\tim-j\AppData\Local\Programs\MiKTeX 2.9\tex/latex/inlinedef\inlinedef.sty"
Package: inlinedef 2008/07/10 v1.0 Inlined expansions within definitions
\ID@toks=\toks47
\ID@count=\count388
)
\ID@usercommands=\toks48
\safeloop@depth=\count389
\safeRKloop@depth=\count390
\forest@temp@dimen=\dimen342
\forest@temp@count=\count391
\forest@n=\count392
\forest@temp@global@count=\count393
\forest@temp@toks=\toks49
\forest@temparray@M=\count394
\forest@temparray@N=\count395
\forest@global@temparray@M=\count396
\forest@global@temparray@N=\count397
\forest@isnum@count=\count398
\forest@isdim@nonintpart=\count399
\forest@isdim@dimen=\dimen343
\forest@sort@m=\count400
\forest@sort@k=\count401
\forest@sort@p=\count402
\bracket@content=\toks50
\bracket@afterthought=\toks51
\forest@node@maxid=\count403
\forest@process@left@M=\count404
\forest@process@left@N=\count405
\forest@process@right@M=\count406
\forest@process@right@N=\count407
\forest@process@saved@M=\count408
\forest@process@saved@N=\count409
\forest@process@result@M=\count410
\forest@process@result@N=\count411
\forest@process@n=\count412
\forest@nodewalk@branch@toks=\toks52
\forest@nodewalk@shortsteps@resolution=\toks53
\forest@do@dynamics=\toks54
\forest@box=\box144
\forest@xg=\dimen344
\forest@yg=\dimen345
\forest@xs=\dimen346
\forest@ys=\dimen347
\forest@pi@toks=\toks55
\forest@segment@toks=\toks56
\forest@PIi@toks=\toks57
\forest@PIii@toks=\toks58
\forest@copy@in=\read4
\forest@copy@out=\write4
\forest@externalize@max@outer@n=\count413
\forest@externalize@inner@n=\count414
) ("C:\Users\tim-j\AppData\Local\Programs\MiKTeX 2.9\tex/latex/koma-script\scrlayer-scrpage.sty"
Package: scrlayer-scrpage 2020/04/19 v3.30 KOMA-Script package (end user interface for scrlayer)
 ("C:\Users\tim-j\AppData\Local\Programs\MiKTeX 2.9\tex/latex/koma-script\scrlayer.sty"
Package: scrlayer 2020/04/19 v3.30 KOMA-Script package (defining layers and page styles)
Package scrlayer Info: Using already defined \footheight
(scrlayer)             hoping, that this is a length and
(scrlayer)             not only a macro on input line 109.
Package scrlayer Info: patching LaTeX kernel macro \pagestyle on input line 2106.
)
Package scrlayer-scrpage Info: Makeing stand-alone element `pagehead' from
(scrlayer-scrpage)             alias to `pageheadfoot' on input line 1244.
Package scrlayer-scrpage Info: deactivating warning for font element
(scrlayer-scrpage)             `pagefoot' on input line 1271.
)
Package scrlayer-scrpage Info: auto-selection of `pagestyleset=KOMA-Script'.
Package scrhack Info: hyperref hack deactivated because of
(scrhack)             detection of KOMA-Script class, that doesn't
(scrhack)             need that hack, on input line 301.
 ("C:\Users\tim-j\AppData\Local\Programs\MiKTeX 2.9\tex/latex/hyperref\hyperref.sty"
Package: hyperref 2020-05-15 v7.00e Hypertext links for LaTeX
 ("C:\Users\tim-j\AppData\Local\Programs\MiKTeX 2.9\tex/generic/oberdiek\ltxcmds.sty"
Package: ltxcmds 2016/05/16 v1.23 LaTeX kernel commands for general use (HO)
) ("C:\Users\tim-j\AppData\Local\Programs\MiKTeX 2.9\tex/generic/oberdiek\pdftexcmds.sty"
Package: pdftexcmds 2019/07/25 v0.30 Utility functions of pdfTeX for LuaTeX (HO)
 ("C:\Users\tim-j\AppData\Local\Programs\MiKTeX 2.9\tex/generic/oberdiek\infwarerr.sty"
Package: infwarerr 2016/05/16 v1.4 Providing info/warning/error messages (HO)
) ("C:\Users\tim-j\AppData\Local\Programs\MiKTeX 2.9\tex/generic/iftex\ifluatex.sty"
Package: ifluatex 2019/10/25 v1.5 ifluatex legacy package. Use iftex instead.
) ("C:\Users\tim-j\AppData\Local\Programs\MiKTeX 2.9\tex/generic/iftex\ifpdf.sty"
Package: ifpdf 2019/10/25 v3.4 ifpdf legacy package. Use iftex instead.
)
Package pdftexcmds Info: LuaTeX not detected.
Package pdftexcmds Info: \pdf@primitive is available.
Package pdftexcmds Info: \pdf@ifprimitive is available.
Package pdftexcmds Info: \pdfdraftmode found.
) ("C:\Users\tim-j\AppData\Local\Programs\MiKTeX 2.9\tex/generic/oberdiek\kvsetkeys.sty"
Package: kvsetkeys 2016/05/16 v1.17 Key value parser (HO)
 ("C:\Users\tim-j\AppData\Local\Programs\MiKTeX 2.9\tex/generic/oberdiek\etexcmds.sty"
Package: etexcmds 2016/05/16 v1.6 Avoid name clashes with e-TeX commands (HO)
)) ("C:\Users\tim-j\AppData\Local\Programs\MiKTeX 2.9\tex/generic/oberdiek\kvdefinekeys.sty"
Package: kvdefinekeys 2016/05/16 v1.4 Define keys (HO)
) ("C:\Users\tim-j\AppData\Local\Programs\MiKTeX 2.9\tex/generic/oberdiek\pdfescape.sty"
Package: pdfescape 2016/05/16 v1.14 Implements pdfTeX's escape features (HO)
) ("C:\Users\tim-j\AppData\Local\Programs\MiKTeX 2.9\tex/latex/oberdiek\hycolor.sty"
Package: hycolor 2016/05/16 v1.8 Color options for hyperref/bookmark (HO)
 ("C:\Users\tim-j\AppData\Local\Programs\MiKTeX 2.9\tex/latex/oberdiek\xcolor-patch.sty"
Package: xcolor-patch 2016/05/16 xcolor patch
 ("C:\Users\tim-j\AppData\Local\Programs\MiKTeX 2.9\tex/latex/oberdiek\hopatch.sty"
Package: hopatch 2016/05/16 v1.3 Wrapper for package hooks (HO)
))) ("C:\Users\tim-j\AppData\Local\Programs\MiKTeX 2.9\tex/latex/oberdiek\letltxmacro.sty"
Package: letltxmacro 2016/05/16 v1.5 Let assignment for LaTeX macros (HO)
) ("C:\Users\tim-j\AppData\Local\Programs\MiKTeX 2.9\tex/latex/oberdiek\auxhook.sty"
Package: auxhook 2016/05/16 v1.4 Hooks for auxiliary files (HO)
) ("C:\Users\tim-j\AppData\Local\Programs\MiKTeX 2.9\tex/latex/oberdiek\kvoptions.sty"
Package: kvoptions 2016/05/16 v3.12 Key value format for package options (HO)
)
\@linkdim=\dimen348
\Hy@linkcounter=\count415
\Hy@pagecounter=\count416
 ("C:\Users\tim-j\AppData\Local\Programs\MiKTeX 2.9\tex/latex/hyperref\pd1enc.def"
File: pd1enc.def 2020-05-15 v7.00e Hyperref: PDFDocEncoding definition (HO)
Now handling font encoding PD1 ...
... no UTF-8 mapping file for font encoding PD1
) ("C:\Users\tim-j\AppData\Local\Programs\MiKTeX 2.9\tex/generic/oberdiek\intcalc.sty"
Package: intcalc 2016/05/16 v1.2 Expandable calculations with integers (HO)
)
\Hy@SavedSpaceFactor=\count417
Package hyperref Info: Option `plainpages' set `false' on input line 4338.
Package hyperref Info: Option `colorlinks' set `true' on input line 4338.
Package hyperref Info: Option `breaklinks' set `true' on input line 4338.
Package hyperref Info: Option `bookmarksnumbered' set `true' on input line 4338.
Package hyperref Info: Option `bookmarksopen' set `true' on input line 4338.
Package hyperref Info: Hyper figures OFF on input line 4464.
Package hyperref Info: Link nesting OFF on input line 4469.
Package hyperref Info: Hyper index ON on input line 4472.
Package hyperref Info: Plain pages OFF on input line 4479.
Package hyperref Info: Backreferencing OFF on input line 4484.
Package hyperref Info: Implicit mode ON; LaTeX internals redefined.
Package hyperref Info: Bookmarks ON on input line 4717.
\c@Hy@tempcnt=\count418
 ("C:\Users\tim-j\AppData\Local\Programs\MiKTeX 2.9\tex/latex/url\url.sty"
\Urlmuskip=\muskip16
Package: url 2013/09/16  ver 3.4  Verb mode for urls, etc.
)
LaTeX Info: Redefining \url on input line 5076.
\XeTeXLinkMargin=\dimen349
 ("C:\Users\tim-j\AppData\Local\Programs\MiKTeX 2.9\tex/generic/oberdiek\bitset.sty"
Package: bitset 2016/05/16 v1.2 Handle bit-vector datatype (HO)
 ("C:\Users\tim-j\AppData\Local\Programs\MiKTeX 2.9\tex/generic/oberdiek\bigintcalc.sty"
Package: bigintcalc 2016/05/16 v1.4 Expandable calculations on big integers (HO)
))
\Fld@menulength=\count419
\Field@Width=\dimen350
\Fld@charsize=\dimen351
Package hyperref Info: Hyper figures OFF on input line 6347.
Package hyperref Info: Link nesting OFF on input line 6352.
Package hyperref Info: Hyper index ON on input line 6355.
Package hyperref Info: backreferencing OFF on input line 6362.
Package hyperref Info: Link coloring ON on input line 6365.
Package hyperref Info: Link coloring with OCG OFF on input line 6372.
Package hyperref Info: PDF/A mode OFF on input line 6377.
LaTeX Info: Redefining \ref on input line 6417.
LaTeX Info: Redefining \pageref on input line 6421.
 ("C:\Users\tim-j\AppData\Local\Programs\MiKTeX 2.9\tex/generic/oberdiek\atbegshi.sty"
Package: atbegshi 2016/06/09 v1.18 At begin shipout hook (HO)
)
\Hy@abspage=\count420
\c@Item=\count421
\c@Hfootnote=\count422
)
Package hyperref Info: Driver (autodetected): hpdftex.
 ("C:\Users\tim-j\AppData\Local\Programs\MiKTeX 2.9\tex/latex/hyperref\hpdftex.def"
File: hpdftex.def 2020-05-15 v7.00e Hyperref driver for pdfTeX
 ("C:\Users\tim-j\AppData\Local\Programs\MiKTeX 2.9\tex/latex/oberdiek\atveryend.sty"
Package: atveryend 2016/05/16 v1.9 Hooks at the very end of document (HO)
)
\Fld@listcount=\count423
\c@bookmark@seq@number=\count424
 ("C:\Users\tim-j\AppData\Local\Programs\MiKTeX 2.9\tex/latex/oberdiek\rerunfilecheck.sty"
Package: rerunfilecheck 2016/05/16 v1.8 Rerun checks for auxiliary files (HO)
 ("C:\Users\tim-j\AppData\Local\Programs\MiKTeX 2.9\tex/generic/oberdiek\uniquecounter.sty"
Package: uniquecounter 2016/05/16 v1.3 Provide unlimited unique counter (HO)
)
Package uniquecounter Info: New unique counter `rerunfilecheck' on input line 282.
)
\Hy@SectionHShift=\skip90
) ("C:\Users\tim-j\AppData\Local\Programs\MiKTeX 2.9\tex/latex/oberdiek\bookmark.sty"
Package: bookmark 2019/06/04 v1.27 PDF bookmarks (HO)
 ("C:\Users\tim-j\AppData\Local\Programs\MiKTeX 2.9\tex/generic/iftex\ifxetex.sty"
Package: ifxetex 2019/10/25 v0.7 ifxetex legacy package. Use iftex instead.
) ("C:\Users\tim-j\AppData\Local\Programs\MiKTeX 2.9\tex/latex/oberdiek\bkm-pdftex.def"
File: bkm-pdftex.def 2019/06/04 v1.27 bookmark driver for pdfTeX (HO)
\BKM@id=\count425
)) ("C:\Users\tim-j\AppData\Local\Programs\MiKTeX 2.9\tex/latex/base\makeidx.sty"
Package: makeidx 2014/09/29 v1.0m Standard LaTeX package
) ("C:\Users\tim-j\AppData\Local\Programs\MiKTeX 2.9\tex/latex/parallel\parallel.sty"
Package: parallel 2003/04/13, setting two texts parallel (me)
 `parallel': setting two texts parallel, (beta 4) 2003/04/13.
\ParallelLWidth=\dimen352
\ParallelRWidth=\dimen353
\ParallelTextWidth=\dimen354
\ParallelLeftMargin=\dimen355
\ParallelUserMidSkip=\dimen356
\ParallelMainMidSkip=\dimen357
\ParallelLBox=\box145
\ParallelRBox=\box146
\ParallelBoxVar=\box147
\ParallelLTok=\box148
\ParallelRTok=\box149
\ParallelBoolVar=\count426
\ParallelBoolMid=\count427
\ParallelWhichBox=\count428
\ParallelMainMode=\count429
\ParallelFNMode=\count430
\ParallelLFNCounter=\count431
\ParallelRFNCounter=\count432
\ParallelMaxFN=\count433
\ParallelFNNumMode=\count434
)
("C:\Users\tim-j\AppData\Local\Programs\MiKTeX 2.9\tex/latex/glossaries/base\glossaries.sty"
Package: glossaries 2020/03/19 v4.46 (NLCT)
 ("C:\Users\tim-j\AppData\Local\Programs\MiKTeX 2.9\tex/latex/mfirstuc\mfirstuc.sty"
Package: mfirstuc 2017/11/14 v2.06 (NLCT)
\@glsmfirst=\toks59
\@glsmrest=\toks60
) ("C:\Users\tim-j\AppData\Local\Programs\MiKTeX 2.9\tex/latex/textcase\textcase.sty"
Package: textcase 2019/09/14 v1.00 Text only upper/lower case changing (DPC)
) ("C:\Users\tim-j\AppData\Local\Programs\MiKTeX 2.9\tex/latex/xfor\xfor.sty"
Package: xfor 2009/02/05 v1.05 (NLCT)
) ("C:\Users\tim-j\AppData\Local\Programs\MiKTeX 2.9\tex/latex/datatool\datatool-base.sty"
Package: datatool-base 2019/09/27 v2.32 (NLCT)
 ("C:\Users\tim-j\AppData\Local\Programs\MiKTeX 2.9\tex/latex/amsmath\amsmath.sty"
Package: amsmath 2020/01/20 v2.17e AMS math features
\@mathmargin=\skip91

For additional information on amsmath, use the `?' option.
("C:\Users\tim-j\AppData\Local\Programs\MiKTeX 2.9\tex/latex/amsmath\amsbsy.sty"
Package: amsbsy 1999/11/29 v1.2d Bold Symbols
\pmbraise@=\dimen358
) ("C:\Users\tim-j\AppData\Local\Programs\MiKTeX 2.9\tex/latex/amsmath\amsopn.sty"
Package: amsopn 2016/03/08 v2.02 operator names
)
\inf@bad=\count435
LaTeX Info: Redefining \frac on input line 227.
\uproot@=\count436
\leftroot@=\count437
LaTeX Info: Redefining \overline on input line 389.
\classnum@=\count438
\DOTSCASE@=\count439
LaTeX Info: Redefining \ldots on input line 486.
LaTeX Info: Redefining \dots on input line 489.
LaTeX Info: Redefining \cdots on input line 610.
\Mathstrutbox@=\box150
\strutbox@=\box151
\big@size=\dimen359
LaTeX Font Info:    Redeclaring font encoding OML on input line 733.
LaTeX Font Info:    Redeclaring font encoding OMS on input line 734.
\macc@depth=\count440
\c@MaxMatrixCols=\count441
\dotsspace@=\muskip17
\c@parentequation=\count442
\dspbrk@lvl=\count443
\tag@help=\toks61
\row@=\count444
\column@=\count445
\maxfields@=\count446
\andhelp@=\toks62
\eqnshift@=\dimen360
\alignsep@=\dimen361
\tagshift@=\dimen362
\tagwidth@=\dimen363
\totwidth@=\dimen364
\lineht@=\dimen365
\@envbody=\toks63
\multlinegap=\skip92
\multlinetaggap=\skip93
\mathdisplay@stack=\toks64
LaTeX Info: Redefining \[ on input line 2859.
LaTeX Info: Redefining \] on input line 2860.
) ("C:\Users\tim-j\AppData\Local\Programs\MiKTeX 2.9\tex/latex/substr\substr.sty"
Package: substr 2009/10/20 v1.2 Handle substrings
\c@su@anzahl=\count447
) ("C:\Users\tim-j\AppData\Local\Programs\MiKTeX 2.9\tex/latex/datatool\datatool-fp.sty"
Package: datatool-fp 2019/09/27 v2.32 (NLCT)
 ("C:\Users\tim-j\AppData\Local\Programs\MiKTeX 2.9\tex/latex/fp\fp.sty"
Package: fp 1995/04/02
 `Fixed Point Package', Version 0.8, April 2, 1995 (C) Michael Mehlich ("C:\Users\tim-j\AppData\Local\Programs\MiKTeX 2.9\tex/latex/fp\defpattern.sty"
Package: defpattern 1994/10/12
\actioncount=\count448
) ("C:\Users\tim-j\AppData\Local\Programs\MiKTeX 2.9\tex/latex/fp\fp-basic.sty"
Package: fp-basic 1996/05/13
\FP@xs=\count449
\FP@xia=\count450
\FP@xib=\count451
\FP@xfa=\count452
\FP@xfb=\count453
\FP@rega=\count454
\FP@regb=\count455
\FP@regs=\count456
\FP@times=\count457
) ("C:\Users\tim-j\AppData\Local\Programs\MiKTeX 2.9\tex/latex/fp\fp-addons.sty"
Package: fp-addons 1995/03/15
) ("C:\Users\tim-j\AppData\Local\Programs\MiKTeX 2.9\tex/latex/fp\fp-snap.sty"
Package: fp-snap 1995/04/05
) ("C:\Users\tim-j\AppData\Local\Programs\MiKTeX 2.9\tex/latex/fp\fp-exp.sty"
Package: fp-exp 1995/04/03
) ("C:\Users\tim-j\AppData\Local\Programs\MiKTeX 2.9\tex/latex/fp\fp-trigo.sty"
Package: fp-trigo 1995/04/14
) ("C:\Users\tim-j\AppData\Local\Programs\MiKTeX 2.9\tex/latex/fp\fp-pas.sty"
Package: fp-pas 1994/08/29
) ("C:\Users\tim-j\AppData\Local\Programs\MiKTeX 2.9\tex/latex/fp\fp-random.sty"
Package: fp-random 1995/02/23
\FPseed=\count458
) ("C:\Users\tim-j\AppData\Local\Programs\MiKTeX 2.9\tex/latex/fp\fp-eqn.sty"
Package: fp-eqn 1995/04/03
) ("C:\Users\tim-j\AppData\Local\Programs\MiKTeX 2.9\tex/latex/fp\fp-upn.sty"
Package: fp-upn 1996/10/21
) ("C:\Users\tim-j\AppData\Local\Programs\MiKTeX 2.9\tex/latex/fp\fp-eval.sty"
Package: fp-eval 1995/04/03
)))
\@dtl@toks=\toks65
\@dtl@tmpcount=\count459
\dtl@tmplength=\skip94
\dtl@sortresult=\count460
\@dtl@numgrpsepcount=\count461
\@dtl@datatype=\count462
\dtl@codeA=\count463
\dtl@codeB=\count464
\@dtl@foreach@level=\count465
) ("C:\Users\tim-j\AppData\Local\Programs\MiKTeX 2.9\tex/latex/glossaries/base\glossaries-compatible-307.sty"
Package: glossaries-compatible-307 2020/03/19 v4.46 (NLCT)
) ("C:\Users\tim-j\AppData\Local\Programs\MiKTeX 2.9\tex/latex/tracklang\tracklang.sty"
Package: tracklang 2020/06/30 v1.5 (NLCT) Track Languages
 ("C:\Users\tim-j\AppData\Local\Programs\MiKTeX 2.9\tex/generic/tracklang\tracklang.tex")) ("C:\Users\tim-j\AppData\Local\Programs\MiKTeX 2.9\tex/latex/glossaries-german\glossaries-german.ldf"
File: glossaries-german.ldf 2014/11/23 v1.0
)
\gls@level=\count466
\@gls@tmpb=\toks66
\gls@tmplen=\skip95
\glskeylisttok=\toks67
\glslabeltok=\toks68
\glsshorttok=\toks69
\glslongtok=\toks70
 ("C:\Users\tim-j\AppData\Local\Programs\MiKTeX 2.9\tex/latex/glossaries/styles\glossary-hypernav.sty"
Package: glossary-hypernav 2020/03/19 v4.46 (NLCT)
) ("C:\Users\tim-j\AppData\Local\Programs\MiKTeX 2.9\tex/latex/glossaries/styles\glossary-list.sty"
Package: glossary-list 2020/03/19 v4.46 (NLCT)
\glslistdottedwidth=\skip96
) ("C:\Users\tim-j\AppData\Local\Programs\MiKTeX 2.9\tex/latex/glossaries/styles\glossary-long.sty"
Package: glossary-long 2020/03/19 v4.46 (NLCT)
\glsdescwidth=\skip97
\glspagelistwidth=\skip98
) ("C:\Users\tim-j\AppData\Local\Programs\MiKTeX 2.9\tex/latex/glossaries/styles\glossary-super.sty"
Package: glossary-super 2020/03/19 v4.46 (NLCT)
 ("C:\Users\tim-j\AppData\Local\Programs\MiKTeX 2.9\tex/latex/supertabular\supertabular.sty"
Package: supertabular 2020/02/02 v4.1g the supertabular environment
\c@tracingst=\count467
\ST@wd=\dimen366
\ST@rightskip=\skip99
\ST@leftskip=\skip100
\ST@parfillskip=\skip101
\ST@pageleft=\dimen367
\ST@headht=\dimen368
\ST@tailht=\dimen369
\ST@pagesofar=\dimen370
\ST@pboxht=\dimen371
\ST@lineht=\dimen372
\ST@prevht=\dimen373
\ST@toadd=\dimen374
\ST@dimen=\dimen375
\ST@pbox=\box152
)) ("C:\Users\tim-j\AppData\Local\Programs\MiKTeX 2.9\tex/latex/glossaries/styles\glossary-tree.sty"
Package: glossary-tree 2020/03/19 v4.46 (NLCT)
\glstreeindent=\skip102
)) ("C:\Users\tim-j\AppData\Local\Programs\MiKTeX 2.9\tex/latex/glossaries-extra\glossaries-extra.sty"
Package: glossaries-extra 2020/04/01 v1.45 (NLCT)
 ("C:\Users\tim-j\AppData\Local\Programs\MiKTeX 2.9\tex/latex/glossaries-extra\glossaries-extra-bib2gls.sty"
Package: glossaries-extra-bib2gls 2020/04/01 v1.45 (NLCT)
)
\@glsxtr@leveloffset=\count468
\glsxtrresourcecount=\count469
\@glsxtrnewgls@inner=\count470
\glsshortpltok=\toks71
\glslongpltok=\toks72
 ("C:\Users\tim-j\AppData\Local\Programs\MiKTeX 2.9\tex/latex/glossaries-extra\glossaries-extra-stylemods.sty"
Package: glossaries-extra-stylemods 2020/04/01 v1.45 (NLCT)
\glsxtrAltTreeIndent=\skip103
\glsxtrtreetopindent=\skip104
)) ("C:\Users\tim-j\AppData\Local\Programs\MiKTeX 2.9\tex/latex/tablefootnote\tablefootnote.sty"
Package: tablefootnote 2014/01/26 v1.1c Table foot notes (HMM)
)
1: section
1: chapter
1: chapter
1: section
("C:\Users\tim-j\AppData\Local\Programs\MiKTeX 2.9\tex/latex/amsfonts\amssymb.sty"
Package: amssymb 2013/01/14 v3.01 AMS font symbols
 ("C:\Users\tim-j\AppData\Local\Programs\MiKTeX 2.9\tex/latex/amsfonts\amsfonts.sty"
Package: amsfonts 2013/01/14 v3.01 Basic AMSFonts support
\symAMSa=\mathgroup4
\symAMSb=\mathgroup5
LaTeX Font Info:    Redeclaring math symbol \hbar on input line 98.
LaTeX Font Info:    Overwriting math alphabet `\mathfrak' in version `bold'
(Font)                  U/euf/m/n --> U/euf/b/n on input line 106.
)) ("C:\Users\tim-j\AppData\Local\Programs\MiKTeX 2.9\tex/latex/biblatex\biblatex.sty"
Package: biblatex 2019/12/01 v3.14 programmable bibliographies (PK/MW)
 ("C:\Users\tim-j\AppData\Local\Programs\MiKTeX 2.9\tex/latex/logreq\logreq.sty"
Package: logreq 2010/08/04 v1.0 xml request logger
\lrq@indent=\count471
 ("C:\Users\tim-j\AppData\Local\Programs\MiKTeX 2.9\tex/latex/logreq\logreq.def"
File: logreq.def 2010/08/04 v1.0 logreq spec v1.0
))
\c@tabx@nest=\count472
\c@listtotal=\count473
\c@listcount=\count474
\c@liststart=\count475
\c@liststop=\count476
\c@citecount=\count477
\c@citetotal=\count478
\c@multicitecount=\count479
\c@multicitetotal=\count480
\c@instcount=\count481
\c@maxnames=\count482
\c@minnames=\count483
\c@maxitems=\count484
\c@minitems=\count485
\c@citecounter=\count486
\c@maxcitecounter=\count487
\c@savedcitecounter=\count488
\c@uniquelist=\count489
\c@uniquename=\count490
\c@refsection=\count491
\c@refsegment=\count492
\c@maxextratitle=\count493
\c@maxextratitleyear=\count494
\c@maxextraname=\count495
\c@maxextradate=\count496
\c@maxextraalpha=\count497
\c@abbrvpenalty=\count498
\c@highnamepenalty=\count499
\c@lownamepenalty=\count500
\c@maxparens=\count501
\c@parenlevel=\count502
\blx@tempcnta=\count503
\blx@tempcntb=\count504
\blx@tempcntc=\count505
\blx@maxsection=\count506
\blx@maxsegment@0=\count507
\blx@notetype=\count508
\blx@parenlevel@text=\count509
\blx@parenlevel@foot=\count510
\blx@sectionciteorder@0=\count511
\blx@entrysetcounter=\count512
\labelnumberwidth=\skip105
\labelalphawidth=\skip106
\biblabelsep=\skip107
\bibitemsep=\skip108
\bibnamesep=\skip109
\bibinitsep=\skip110
\bibparsep=\skip111
\bibhang=\skip112
\blx@bcfin=\read5
\blx@bcfout=\write5
\blx@langwohyphens=\language85
\c@mincomprange=\count513
\c@maxcomprange=\count514
\c@mincompwidth=\count515
Package biblatex Info: Trying to load biblatex default data model...
Package biblatex Info: ... file 'blx-dm.def' found.
 ("C:\Users\tim-j\AppData\Local\Programs\MiKTeX 2.9\tex/latex/biblatex\blx-dm.def"
File: blx-dm.def 2019/12/01 v3.14 biblatex localization (PK/MW)
)
Package biblatex Info: Trying to load biblatex style data model...
Package biblatex Info: ... file 'alphabetic.dbx' not found.
Package biblatex Info: Trying to load biblatex custom data model...
Package biblatex Info: ... file 'biblatex-dm.cfg' not found.
\c@afterword=\count516
\c@savedafterword=\count517
\c@annotator=\count518
\c@savedannotator=\count519
\c@author=\count520
\c@savedauthor=\count521
\c@bookauthor=\count522
\c@savedbookauthor=\count523
\c@commentator=\count524
\c@savedcommentator=\count525
\c@editor=\count526
\c@savededitor=\count527
\c@editora=\count528
\c@savededitora=\count529
\c@editorb=\count530
\c@savededitorb=\count531
\c@editorc=\count532
\c@savededitorc=\count533
\c@foreword=\count534
\c@savedforeword=\count535
\c@holder=\count536
\c@savedholder=\count537
\c@introduction=\count538
\c@savedintroduction=\count539
\c@namea=\count540
\c@savednamea=\count541
\c@nameb=\count542
\c@savednameb=\count543
\c@namec=\count544
\c@savednamec=\count545
\c@translator=\count546
\c@savedtranslator=\count547
\c@shortauthor=\count548
\c@savedshortauthor=\count549
\c@shorteditor=\count550
\c@savedshorteditor=\count551
\c@labelname=\count552
\c@savedlabelname=\count553
\c@institution=\count554
\c@savedinstitution=\count555
\c@lista=\count556
\c@savedlista=\count557
\c@listb=\count558
\c@savedlistb=\count559
\c@listc=\count560
\c@savedlistc=\count561
\c@listd=\count562
\c@savedlistd=\count563
\c@liste=\count564
\c@savedliste=\count565
\c@listf=\count566
\c@savedlistf=\count567
\c@location=\count568
\c@savedlocation=\count569
\c@organization=\count570
\c@savedorganization=\count571
\c@origlocation=\count572
\c@savedoriglocation=\count573
\c@origpublisher=\count574
\c@savedorigpublisher=\count575
\c@publisher=\count576
\c@savedpublisher=\count577
\c@language=\count578
\c@savedlanguage=\count579
\c@origlanguage=\count580
\c@savedoriglanguage=\count581
\c@pageref=\count582
\c@savedpageref=\count583
\shorthandwidth=\skip113
\shortjournalwidth=\skip114
\shortserieswidth=\skip115
\shorttitlewidth=\skip116
\shortauthorwidth=\skip117
\shorteditorwidth=\skip118
\locallabelnumberwidth=\skip119
\locallabelalphawidth=\skip120
\localshorthandwidth=\skip121
\localshortjournalwidth=\skip122
\localshortserieswidth=\skip123
\localshorttitlewidth=\skip124
\localshortauthorwidth=\skip125
\localshorteditorwidth=\skip126
Package biblatex Info: Trying to load compatibility code...
Package biblatex Info: ... file 'blx-compat.def' found.
 ("C:\Users\tim-j\AppData\Local\Programs\MiKTeX 2.9\tex/latex/biblatex\blx-compat.def"
File: blx-compat.def 2019/12/01 v3.14 biblatex compatibility (PK/MW)
)
Package biblatex Info: Trying to load generic definitions...
Package biblatex Info: ... file 'biblatex.def' found.
 ("C:\Users\tim-j\AppData\Local\Programs\MiKTeX 2.9\tex/latex/biblatex\biblatex.def"
File: biblatex.def 2019/12/01 v3.14 biblatex compatibility (PK/MW)
\c@textcitecount=\count584
\c@textcitetotal=\count585
\c@textcitemaxnames=\count586
\c@biburlbigbreakpenalty=\count587
\c@biburlbreakpenalty=\count588
\c@biburlnumpenalty=\count589
\c@biburlucpenalty=\count590
\c@biburllcpenalty=\count591
\biburlbigskip=\muskip18
\biburlnumskip=\muskip19
\biburlucskip=\muskip20
\biburllcskip=\muskip21
\c@smartand=\count592
)
Package biblatex Info: Trying to load natbib compatibility...
Package biblatex Info: ... file 'blx-natbib.def' found.
 ("C:\Users\tim-j\AppData\Local\Programs\MiKTeX 2.9\tex/latex/biblatex\blx-natbib.def"
File: blx-natbib.def 2019/12/01 v3.14 biblatex compatibility (PK/MW)
Package biblatex Info: Delimiter 'nameyeardelim' in context '' already defined, overwriting.
)
Package biblatex Info: Trying to load bibliography style 'alphabetic'...
Package biblatex Info: ... file 'alphabetic.bbx' found.
 ("C:\Users\tim-j\AppData\Local\Programs\MiKTeX 2.9\tex/latex/biblatex/bbx\alphabetic.bbx"
File: alphabetic.bbx 2019/12/01 v3.14 biblatex bibliography style (PK/MW)
Package biblatex Info: Trying to load bibliography style 'standard'...
Package biblatex Info: ... file 'standard.bbx' found.
 ("C:\Users\tim-j\AppData\Local\Programs\MiKTeX 2.9\tex/latex/biblatex/bbx\standard.bbx"
File: standard.bbx 2019/12/01 v3.14 biblatex bibliography style (PK/MW)
\c@bbx:relatedcount=\count593
\c@bbx:relatedtotal=\count594
))
Package biblatex Info: Trying to load citation style 'alphabetic'...
Package biblatex Info: ... file 'alphabetic.cbx' found.
 ("C:\Users\tim-j\AppData\Local\Programs\MiKTeX 2.9\tex/latex/biblatex/cbx\alphabetic.cbx"
File: alphabetic.cbx 2019/12/01 v3.14 biblatex citation style (PK/MW)
Package biblatex Info: Redefining '\cite'.
Package biblatex Info: Redefining '\parencite'.
Package biblatex Info: Redefining '\footcite'.
Package biblatex Info: Redefining '\footcitetext'.
Package biblatex Info: Redefining '\smartcite'.
Package biblatex Info: Redefining '\textcite'.
Package biblatex Info: Redefining '\textcites'.
Package biblatex Info: Redefining '\cites'.
Package biblatex Info: Redefining '\parencites'.
Package biblatex Info: Redefining '\smartcites'.
)
Package biblatex Info: Trying to load configuration file...
Package biblatex Info: ... file 'biblatex.cfg' found.
 ("C:\Users\tim-j\AppData\Local\Programs\MiKTeX 2.9\tex/latex/biblatex\biblatex.cfg"
File: biblatex.cfg 
))) (c:/Users\tim-j\Desktop\git\hsrm_ap_bsc\WS2021\ET\Versuch_2\Bericht_EL1_2_Cassel_Wechler.aux)
\openout1 = `Bericht_EL1_2_Cassel_Wechler.aux'.

LaTeX Font Info:    Checking defaults for OML/cmm/m/it on input line 55.
LaTeX Font Info:    ... okay on input line 55.
LaTeX Font Info:    Checking defaults for OMS/cmsy/m/n on input line 55.
LaTeX Font Info:    ... okay on input line 55.
LaTeX Font Info:    Checking defaults for OT1/cmr/m/n on input line 55.
LaTeX Font Info:    ... okay on input line 55.
LaTeX Font Info:    Checking defaults for T1/cmr/m/n on input line 55.
LaTeX Font Info:    ... okay on input line 55.
LaTeX Font Info:    Checking defaults for TS1/cmr/m/n on input line 55.
LaTeX Font Info:    ... okay on input line 55.
LaTeX Font Info:    Checking defaults for OMX/cmex/m/n on input line 55.
LaTeX Font Info:    ... okay on input line 55.
LaTeX Font Info:    Checking defaults for U/cmr/m/n on input line 55.
LaTeX Font Info:    ... okay on input line 55.
LaTeX Font Info:    Checking defaults for PD1/pdf/m/n on input line 55.
LaTeX Font Info:    ... okay on input line 55.
LaTeX Font Info:    Trying to load font information for T1+lmr on input line 55.
 ("C:\Users\tim-j\AppData\Local\Programs\MiKTeX 2.9\tex/latex/lm\t1lmr.fd"
File: t1lmr.fd 2009/10/30 v1.6 Font defs for Latin Modern
) ("C:\Users\tim-j\AppData\Local\Programs\MiKTeX 2.9\tex/context/base/mkii\supp-pdf.mkii"
[Loading MPS to PDF converter (version 2006.09.02).]
\scratchcounter=\count595
\scratchdimen=\dimen376
\scratchbox=\box153
\nofMPsegments=\count596
\nofMParguments=\count597
\everyMPshowfont=\toks73
\MPscratchCnt=\count598
\MPscratchDim=\dimen377
\MPnumerator=\count599
\makeMPintoPDFobject=\count600
\everyMPtoPDFconversion=\toks74
) ("C:\Users\tim-j\AppData\Local\Programs\MiKTeX 2.9\tex/latex/oberdiek\epstopdf-base.sty"
Package: epstopdf-base 2016/05/15 v2.6 Base part for package epstopdf
 ("C:\Users\tim-j\AppData\Local\Programs\MiKTeX 2.9\tex/latex/oberdiek\grfext.sty"
Package: grfext 2016/05/16 v1.2 Manage graphics extensions (HO)
)
Package epstopdf-base Info: Redefining graphics rule for `.eps' on input line 438.
Package grfext Info: Graphics extension search list:
(grfext)             [.pdf,.png,.jpg,.mps,.jpeg,.jbig2,.jb2,.PDF,.PNG,.JPG,.JPEG,.JBIG2,.JB2,.eps]
(grfext)             \AppendGraphicsExtensions on input line 456.
) ABD: EveryShipout initializing macros
\symgns@font=\mathgroup6
LaTeX Font Info:    Overwriting symbol font `gns@font' in version `bold'
(Font)                  TS1/lmr/m/n --> TS1/lmr/b/n on input line 55.
Package gensymb Info: Math companion symbols declared on input line 55.
LaTeX Info: Redefining \degree on input line 55.
LaTeX Info: Redefining \celsius on input line 55.
Package gensymb Info: Using text companion symbols for \degree, \celsius and \perthousand on input line 55.
LaTeX Info: Redefining \ohm on input line 55.
Package gensymb Info: Using \textohm for \ohm on input line 55.
Package gensymb Info: Using \textmu for \micro on input line 55.
LaTeX Info: Redefining \microtypecontext on input line 55.
Package microtype Info: Generating PDF output.
Package microtype Info: Character protrusion enabled (level 2).
Package microtype Info: Using default protrusion set `alltext'.
Package microtype Info: Automatic font expansion enabled (level 2),
(microtype)             stretch: 20, shrink: 20, step: 1, non-selected.
Package microtype Info: Using default expansion set `basictext'.
LaTeX Info: Redefining \showhyphens on input line 55.
Package microtype Info: No adjustment of tracking.
Package microtype Info: No adjustment of interword spacing.
Package microtype Info: No adjustment of character kerning.
 ("C:\Users\tim-j\AppData\Local\Programs\MiKTeX 2.9\tex/latex/microtype\mt-cmr.cfg"
File: mt-cmr.cfg 2013/05/19 v2.2 microtype config. file: Computer Modern Roman (RS)
) ("C:\Users\tim-j\AppData\Local\Programs\MiKTeX 2.9\tex/latex/translator\translator-basic-dictionary-English.dict"
Dictionary: translator-basic-dictionary, Language: English 
) ("C:\Users\tim-j\AppData\Local\Programs\MiKTeX 2.9\tex/latex/siunitx\siunitx-abbreviations.cfg"
File: siunitx-abbreviations.cfg 2017/11/26 v2.7k siunitx: Abbreviated units
)
Package caption Info: Begin \AtBeginDocument code.
Package caption Info: subfig package v1.3 is loaded.
Package caption Info: hyperref package is loaded.
Package caption Info: longtable package is loaded.
 ("C:\Users\tim-j\AppData\Local\Programs\MiKTeX 2.9\tex/latex/caption\ltcaption.sty"
Package: ltcaption 2020/05/30 v1.4b longtable captions (AR)
)
Package caption Info: supertabular package is loaded.
Package caption Info: wrapfig package is loaded.
Package caption Info: End \AtBeginDocument code.

*geometry* driver: auto-detecting
*geometry* detected driver: pdftex
*geometry* verbose mode - [ preamble ] result:
* driver: pdftex
* paper: <default>
* layout: <same size as paper>
* layoutoffset:(h,v)=(0.0pt,0.0pt)
* modes: heightrounded 
* h-part:(L,W,R)=(71.13188pt, 455.24417pt, 71.13188pt)
* v-part:(T,H,B)=(71.13188pt, 702.78317pt, 71.13188pt)
* \paperwidth=597.50793pt
* \paperheight=845.04694pt
* \textwidth=455.24417pt
* \textheight=708.0pt
* \oddsidemargin=-1.1381pt
* \evensidemargin=-1.1381pt
* \topmargin=-46.66249pt
* \headheight=19.91692pt
* \headsep=25.60747pt
* \topskip=12.0pt
* \footskip=113.81102pt
* \marginparwidth=51.21495pt
* \marginparsep=5.69054pt
* \columnsep=10.0pt
* \skip\footins=10.8pt plus 4.0pt minus 2.0pt
* \hoffset=0.0pt
* \voffset=0.0pt
* \mag=1000
* \@twocolumnfalse
* \@twosidefalse
* \@mparswitchfalse
* \@reversemarginfalse
* (1in=72.27pt=25.4mm, 1cm=28.453pt)

\AtBeginShipoutBox=\box154
Package hyperref Info: Link coloring ON on input line 55.
("C:\Users\tim-j\AppData\Local\Programs\MiKTeX 2.9\tex/latex/hyperref\nameref.sty"
Package: nameref 2019/09/16 v2.46 Cross-referencing by name of section
 ("C:\Users\tim-j\AppData\Local\Programs\MiKTeX 2.9\tex/latex/oberdiek\refcount.sty"
Package: refcount 2016/05/16 v3.5 Data extraction from label references (HO)
) ("C:\Users\tim-j\AppData\Local\Programs\MiKTeX 2.9\tex/generic/oberdiek\gettitlestring.sty"
Package: gettitlestring 2016/05/16 v1.5 Cleanup title references (HO)
)
\c@section@level=\count601
LaTeX Info: Redefining \Ref on input line 520.
)
LaTeX Info: Redefining \ref on input line 55.
LaTeX Info: Redefining \pageref on input line 55.
LaTeX Info: Redefining \nameref on input line 55.
LaTeX Info: Redefining \Ref on input line 55.
Package biblatex Info: Trying to load language 'ngerman'...
Package biblatex Info: ... file 'ngerman.lbx' found.
 ("C:\Users\tim-j\AppData\Local\Programs\MiKTeX 2.9\tex/latex/biblatex/lbx\ngerman.lbx"
File: ngerman.lbx 2019/12/01 v3.14 biblatex localization (PK/MW)
Package biblatex Info: Trying to load language 'german'...
Package biblatex Info: ... file 'german.lbx' found.
 ("C:\Users\tim-j\AppData\Local\Programs\MiKTeX 2.9\tex/latex/biblatex/lbx\german.lbx"
File: german.lbx 2019/12/01 v3.14 biblatex localization (PK/MW)
)
Package biblatex Info: Trying to load language 'german'...
Package biblatex Info: ... file 'german.lbx' found.
 ("C:\Users\tim-j\AppData\Local\Programs\MiKTeX 2.9\tex/latex/biblatex/lbx\german.lbx"
File: german.lbx 2019/12/01 v3.14 biblatex localization (PK/MW)
))
Package biblatex Info: Input encoding 'utf8' detected.
Package biblatex Info: Automatic encoding selection.
(biblatex)             Assuming data encoding 'utf8'.
\openout5 = `Bericht_EL1_2_Cassel_Wechler.bcf'.

Package biblatex Info: Trying to load bibliographic data...
Package biblatex Info: ... file 'Bericht_EL1_2_Cassel_Wechler.bbl' found.
 (c:/Users\tim-j\Desktop\git\hsrm_ap_bsc\WS2021\ET\Versuch_2\Bericht_EL1_2_Cassel_Wechler.bbl)
Package biblatex Info: Reference section=0 on input line 55.
Package biblatex Info: Reference segment=0 on input line 55.
LaTeX Font Info:    Trying to load font information for OT1+lmr on input line 55.
 ("C:\Users\tim-j\AppData\Local\Programs\MiKTeX 2.9\tex/latex/lm\ot1lmr.fd"
File: ot1lmr.fd 2009/10/30 v1.6 Font defs for Latin Modern
)
LaTeX Font Info:    Trying to load font information for OML+lmm on input line 55.
 ("C:\Users\tim-j\AppData\Local\Programs\MiKTeX 2.9\tex/latex/lm\omllmm.fd"
File: omllmm.fd 2009/10/30 v1.6 Font defs for Latin Modern
)
LaTeX Font Info:    Trying to load font information for OMS+lmsy on input line 55.
 ("C:\Users\tim-j\AppData\Local\Programs\MiKTeX 2.9\tex/latex/lm\omslmsy.fd"
File: omslmsy.fd 2009/10/30 v1.6 Font defs for Latin Modern
)
LaTeX Font Info:    Trying to load font information for OMX+lmex on input line 55.
 ("C:\Users\tim-j\AppData\Local\Programs\MiKTeX 2.9\tex/latex/lm\omxlmex.fd"
File: omxlmex.fd 2009/10/30 v1.6 Font defs for Latin Modern
)
LaTeX Font Info:    External font `lmex10' loaded for size
(Font)              <12> on input line 55.
LaTeX Font Info:    External font `lmex10' loaded for size
(Font)              <8> on input line 55.
LaTeX Font Info:    External font `lmex10' loaded for size
(Font)              <6> on input line 55.
LaTeX Font Info:    Trying to load font information for U+msa on input line 55.
 ("C:\Users\tim-j\AppData\Local\Programs\MiKTeX 2.9\tex/latex/amsfonts\umsa.fd"
File: umsa.fd 2013/01/14 v3.01 AMS symbols A
) ("C:\Users\tim-j\AppData\Local\Programs\MiKTeX 2.9\tex/latex/microtype\mt-msa.cfg"
File: mt-msa.cfg 2006/02/04 v1.1 microtype config. file: AMS symbols (a) (RS)
)
LaTeX Font Info:    Trying to load font information for U+msb on input line 55.
 ("C:\Users\tim-j\AppData\Local\Programs\MiKTeX 2.9\tex/latex/amsfonts\umsb.fd"
File: umsb.fd 2013/01/14 v3.01 AMS symbols B
) ("C:\Users\tim-j\AppData\Local\Programs\MiKTeX 2.9\tex/latex/microtype\mt-msb.cfg"
File: mt-msb.cfg 2005/06/01 v1.0 microtype config. file: AMS symbols (b) (RS)
)
LaTeX Font Info:    Trying to load font information for TS1+lmr on input line 55.
 ("C:\Users\tim-j\AppData\Local\Programs\MiKTeX 2.9\tex/latex/lm\ts1lmr.fd"
File: ts1lmr.fd 2009/10/30 v1.6 Font defs for Latin Modern
)
LaTeX Font Info:    Trying to load font information for OT1+lmss on input line 55.
 ("C:\Users\tim-j\AppData\Local\Programs\MiKTeX 2.9\tex/latex/lm\ot1lmss.fd"
File: ot1lmss.fd 2009/10/30 v1.6 Font defs for Latin Modern
)
Package microtype Info: Loading generic protrusion settings for font family
(microtype)             `lmss' (encoding: OT1).
(microtype)             For optimal results, create family-specific settings.
(microtype)             See the microtype manual for details.
LaTeX Font Info:    Trying to load font information for OT1+lmtt on input line 55.
 ("C:\Users\tim-j\AppData\Local\Programs\MiKTeX 2.9\tex/latex/lm\ot1lmtt.fd"
File: ot1lmtt.fd 2009/10/30 v1.6 Font defs for Latin Modern
)
Package microtype Info: Loading generic protrusion settings for font family
(microtype)             `lmtt' (encoding: OT1).
(microtype)             For optimal results, create family-specific settings.
(microtype)             See the microtype manual for details.
<gfx/background.pdf, id=6, 364.19562pt x 273.43053pt>
File: gfx/background.pdf Graphic file (type pdf)
<use gfx/background.pdf>
Package pdftex.def Info: gfx/background.pdf  used on input line 64.
(pdftex.def)             Requested size: 298.75397pt x 224.3021pt.
LaTeX Font Info:    Trying to load font information for T1+phv on input line 64.
 ("C:\Users\tim-j\AppData\Local\Programs\MiKTeX 2.9\tex/latex/psnfss\t1phv.fd"
File: t1phv.fd 2020/03/25 scalable font definitions for T1/phv.
)
Package microtype Info: Loading generic protrusion settings for font family
(microtype)             `phv' (encoding: T1).
(microtype)             For optimal results, create family-specific settings.
(microtype)             See the microtype manual for details.
<gfx/logo_hsrm.png, id=7, 1284.8pt x 515.9275pt>
File: gfx/logo_hsrm.png Graphic file (type png)
<use gfx/logo_hsrm.png>
Package pdftex.def Info: gfx/logo_hsrm.png  used on input line 64.
(pdftex.def)             Requested size: 170.71652pt x 68.55293pt.
LaTeX Font Info:    Trying to load font information for T1+lmss on input line 64.
 ("C:\Users\tim-j\AppData\Local\Programs\MiKTeX 2.9\tex/latex/lm\t1lmss.fd"
File: t1lmss.fd 2009/10/30 v1.6 Font defs for Latin Modern
)
Package microtype Info: Loading generic protrusion settings for font family
(microtype)             `lmss' (encoding: T1).
(microtype)             For optimal results, create family-specific settings.
(microtype)             See the microtype manual for details.
LaTeX Font Info:    Font shape `T1/phv/m/it' in size <12> not available
(Font)              Font shape `T1/phv/m/sl' tried instead on input line 64.
 [1

{C:/Users/tim-j/AppData/Local/MiKTeX/2.9/pdftex/config/pdftex.map} <c:/Users/tim-j/Desktop/git/hsrm_ap_bsc/WS2021/ET/Versuch_2/gfx/background.pdf> <c:/Users/tim-j/Desktop/git/hsrm_ap_bsc/WS2021/ET/Versuch_2/gfx/logo_hsrm.png>]
Package tocbasic Info: character protrusion at toc deactivated on input line 70.
 (c:/Users\tim-j\Desktop\git\hsrm_ap_bsc\WS2021\ET\Versuch_2\Bericht_EL1_2_Cassel_Wechler.toc)
\tf@toc=\write6
\openout6 = `Bericht_EL1_2_Cassel_Wechler.toc'.

LaTeX Font Info:    External font `lmex10' loaded for size
(Font)              <10> on input line 79.
LaTeX Font Info:    External font `lmex10' loaded for size
(Font)              <7> on input line 79.
LaTeX Font Info:    External font `lmex10' loaded for size
(Font)              <5> on input line 79.
 [1


] (c:/Users\tim-j\Desktop\git\hsrm_ap_bsc\WS2021\ET\Versuch_2\content/aufgaben.tex
chapter 1.

Overfull \hbox (49.76892pt too wide) in paragraph at lines 11--13
\T1/lmr/m/n/12 (-20) den dem Da-ten-blatt ent-nom-men ([][]www.sedlbauer.de/media/ringkerntrafo_datenblatt_825007.pdf[][]). 
 []

<Bilder/transformator_reihe.PNG, id=76, 421.575pt x 289.08pt>
File: Bilder/transformator_reihe.PNG Graphic file (type png)
<use Bilder/transformator_reihe.PNG>
Package pdftex.def Info: Bilder/transformator_reihe.PNG  used on input line 16.
(pdftex.def)             Requested size: 204.85847pt x 140.4771pt.
<Bilder/transformator_parallel.png, id=77, 406.51875pt x 298.86656pt>
File: Bilder/transformator_parallel.png Graphic file (type png)
<use Bilder/transformator_parallel.png>
Package pdftex.def Info: Bilder/transformator_parallel.png  used on input line 21.
(pdftex.def)             Requested size: 204.85847pt x 150.60947pt.

Overfull \hbox (2.61107pt too wide) in paragraph at lines 15--25
[]$[]$ $[]$ 
 []

pdfTeX warning (ext4): destination with the same identifier (name{page.1}) has been already used, duplicate ignored
<to be read again> 
                   \relax 
l.26     \newpage
                  [1



 <c:/Users/tim-j/Desktop/git/hsrm_ap_bsc/WS2021/ET/Versuch_2/Bilder/transformator_reihe.PNG> <c:/Users/tim-j/Desktop/git/hsrm_ap_bsc/WS2021/ET/Versuch_2/Bilder/transformator_parallel.png>]
<Bilder/gleichrichter.PNG, id=93, 602.25pt x 231.86626pt>
File: Bilder/gleichrichter.PNG Graphic file (type png)
<use Bilder/gleichrichter.PNG>
Package pdftex.def Info: Bilder/gleichrichter.PNG  used on input line 34.
(pdftex.def)             Requested size: 409.71696pt x 157.74832pt.
) (c:/Users\tim-j\Desktop\git\hsrm_ap_bsc\WS2021\ET\Versuch_2\content/durchfuehrung.tex [2 <c:/Users/tim-j/Desktop/git/hsrm_ap_bsc/WS2021/ET/Versuch_2/Bilder/gleichrichter.PNG>]
chapter 2.
) [3


]
Package atveryend Info: Empty hook `BeforeClearDocument' on input line 99.
Package atveryend Info: Empty hook `AfterLastShipout' on input line 99.
 (c:/Users\tim-j\Desktop\git\hsrm_ap_bsc\WS2021\ET\Versuch_2\Bericht_EL1_2_Cassel_Wechler.aux)
Package atveryend Info: Executing hook `AtVeryEndDocument' on input line 99.
Package atveryend Info: Empty hook `AtEndAfterFileList' on input line 99.
Package logreq Info: Writing requests to 'Bericht_EL1_2_Cassel_Wechler.run.xml'.
\openout1 = `Bericht_EL1_2_Cassel_Wechler.run.xml'.

 ) 
Here is how much of TeX's memory you used:
 68057 strings out of 480752
 1603380 string characters out of 2893625
 2708571 words of memory out of 3000000
 82992 multiletter control sequences out of 15000+200000
 651287 words of font info for 134 fonts, out of 3000000 for 9000
 1143 hyphenation exceptions out of 8191
 72i,21n,110p,10287b,2285s stack positions out of 5000i,500n,10000p,200000b,50000s
{C:/Users/tim-j/AppData/Local/Programs/MiKTeX 2.9/fonts/enc/dvips/lm/lm-ec.enc}{C:/Users/tim-j/AppData/Local/Programs/MiKTeX 2.9/fonts/enc/dvips/lm/lm-mathsy.enc}{C:/Users/tim-j/AppData/Local/Programs/MiKTeX 2.9/fonts/enc/dvips/lm/lm-mathex.enc}{C:/Users/tim-j/AppData/Local/Programs/MiKTeX 2.9/fonts/enc/dvips/lm/lm-rm.enc}{C:/Users/tim-j/AppData/Local/Programs/MiKTeX 2.9/fonts/enc/dvips/lm/lm-mathit.enc}{C:/Users/tim-j/AppData/Local/Programs/MiKTeX 2.9/fonts/enc/dvips/base/8r.enc}<C:/Users/tim-j/AppData/Local/Programs/MiKTeX 2.9/fonts/type1/public/lm/lmbx10.pfb><C:/Users/tim-j/AppData/Local/Programs/MiKTeX 2.9/fonts/type1/public/lm/lmbx12.pfb><C:/Users/tim-j/AppData/Local/Programs/MiKTeX 2.9/fonts/type1/public/lm/lmex10.pfb><C:/Users/tim-j/AppData/Local/Programs/MiKTeX 2.9/fonts/type1/public/lm/lmmi12.pfb><C:/Users/tim-j/AppData/Local/Programs/MiKTeX 2.9/fonts/type1/public/lm/lmmi8.pfb><C:/Users/tim-j/AppData/Local/Programs/MiKTeX 2.9/fonts/type1/public/lm/lmr10.pfb><C:/Users/tim-j/AppData/Local/Programs/MiKTeX 2.9/fonts/type1/public/lm/lmr12.pfb><C:/Users/tim-j/AppData/Local/Programs/MiKTeX 2.9/fonts/type1/public/lm/lmr17.pfb><C:/Users/tim-j/AppData/Local/Programs/MiKTeX 2.9/fonts/type1/public/lm/lmri12.pfb><C:/Users/tim-j/AppData/Local/Programs/MiKTeX 2.9/fonts/type1/public/lm/lmss10.pfb><C:/Users/tim-j/AppData/Local/Programs/MiKTeX 2.9/fonts/type1/public/lm/lmss12.pfb><C:/Users/tim-j/AppData/Local/Programs/MiKTeX 2.9/fonts/type1/public/lm/lmssbx10.pfb><C:/Users/tim-j/AppData/Local/Programs/MiKTeX 2.9/fonts/type1/public/lm/lmsy10.pfb><C:/Users/tim-j/AppData/Local/Programs/MiKTeX 2.9/fonts/type1/urw/helvetic/uhvb8a.pfb><C:/Users/tim-j/AppData/Local/Programs/MiKTeX 2.9/fonts/type1/urw/helvetic/uhvr8a.pfb><C:/Users/tim-j/AppData/Local/Programs/MiKTeX 2.9/fonts/type1/urw/helvetic/uhvro8a.pfb>
Output written on c:/Users\tim-j\Desktop\git\hsrm_ap_bsc\WS2021\ET\Versuch_2\Bericht_EL1_2_Cassel_Wechler.pdf (5 pages, 499198 bytes).
PDF statistics:
 184 PDF objects out of 1000 (max. 8388607)
 15 named destinations out of 1000 (max. 500000)
 43086 words of extra memory for PDF output out of 51595 (max. 10000000)

